<?xml version="1.0" encoding="UTF-8"?>
<testsuite xmlns:xsi="http://www.w3.org/2001/XMLSchema-instance" xsi:noNamespaceSchemaLocation="https://maven.apache.org/surefire/maven-surefire-plugin/xsd/surefire-test-report.xsd" name="com.graphhopper.routing.RoutingAlgorithmTest" time="2.972" tests="364" errors="0" skipped="0" failures="0">
  <properties>
[...]
</properties>
  <testcase name="testCalcFastestPath{Fixture}[1]" classname="com.graphhopper.routing.RoutingAlgorithmTest" time="0.001"/>
  <testcase name="testCalcFastestPath{Fixture}[2]" classname="com.graphhopper.routing.RoutingAlgorithmTest" time="0"/>
  <testcase name="testCalcFastestPath{Fixture}[3]" classname="com.graphhopper.routing.RoutingAlgorithmTest" time="0"/>
  <testcase name="testCalcFastestPath{Fixture}[4]" classname="com.graphhopper.routing.RoutingAlgorithmTest" time="0.01"/>
  <testcase name="testCalcFastestPath{Fixture}[5]" classname="com.graphhopper.routing.RoutingAlgorithmTest" time="0.001"/>
  <testcase name="testCalcFastestPath{Fixture}[6]" classname="com.graphhopper.routing.RoutingAlgorithmTest" time="0.002"/>
  <testcase name="testCalcFastestPath{Fixture}[7]" classname="com.graphhopper.routing.RoutingAlgorithmTest" time="0.002"/>
  <testcase name="testCalcFastestPath{Fixture}[8]" classname="com.graphhopper.routing.RoutingAlgorithmTest" time="0.001"/>
  <testcase name="testCalcFastestPath{Fixture}[9]" classname="com.graphhopper.routing.RoutingAlgorithmTest" time="0"/>
  <testcase name="testCalcFastestPath{Fixture}[10]" classname="com.graphhopper.routing.RoutingAlgorithmTest" time="0.009"/>
  <testcase name="testCalcFastestPath{Fixture}[11]" classname="com.graphhopper.routing.RoutingAlgorithmTest" time="0"/>
  <testcase name="testCalcFastestPath{Fixture}[12]" classname="com.graphhopper.routing.RoutingAlgorithmTest" time="0"/>
  <testcase name="testCalcFastestPath{Fixture}[13]" classname="com.graphhopper.routing.RoutingAlgorithmTest" time="0.002"/>
  <testcase name="testBidirectional{Fixture}[1]" classname="com.graphhopper.routing.RoutingAlgorithmTest" time="0"/>
  <testcase name="testBidirectional{Fixture}[2]" classname="com.graphhopper.routing.RoutingAlgorithmTest" time="0"/>
  <testcase name="testBidirectional{Fixture}[3]" classname="com.graphhopper.routing.RoutingAlgorithmTest" time="0"/>
  <testcase name="testBidirectional{Fixture}[4]" classname="com.graphhopper.routing.RoutingAlgorithmTest" time="0"/>
  <testcase name="testBidirectional{Fixture}[5]" classname="com.graphhopper.routing.RoutingAlgorithmTest" time="0"/>
  <testcase name="testBidirectional{Fixture}[6]" classname="com.graphhopper.routing.RoutingAlgorithmTest" time="0"/>
  <testcase name="testBidirectional{Fixture}[7]" classname="com.graphhopper.routing.RoutingAlgorithmTest" time="0"/>
  <testcase name="testBidirectional{Fixture}[8]" classname="com.graphhopper.routing.RoutingAlgorithmTest" time="0.001"/>
  <testcase name="testBidirectional{Fixture}[9]" classname="com.graphhopper.routing.RoutingAlgorithmTest" time="0.001"/>
  <testcase name="testBidirectional{Fixture}[10]" classname="com.graphhopper.routing.RoutingAlgorithmTest" time="0"/>
  <testcase name="testBidirectional{Fixture}[11]" classname="com.graphhopper.routing.RoutingAlgorithmTest" time="0"/>
  <testcase name="testBidirectional{Fixture}[12]" classname="com.graphhopper.routing.RoutingAlgorithmTest" time="0.015"/>
  <testcase name="testBidirectional{Fixture}[13]" classname="com.graphhopper.routing.RoutingAlgorithmTest" time="0"/>
  <testcase name="testWikipediaShortestPath{Fixture}[1]" classname="com.graphhopper.routing.RoutingAlgorithmTest" time="0"/>
  <testcase name="testWikipediaShortestPath{Fixture}[2]" classname="com.graphhopper.routing.RoutingAlgorithmTest" time="0"/>
  <testcase name="testWikipediaShortestPath{Fixture}[3]" classname="com.graphhopper.routing.RoutingAlgorithmTest" time="0"/>
  <testcase name="testWikipediaShortestPath{Fixture}[4]" classname="com.graphhopper.routing.RoutingAlgorithmTest" time="0"/>
  <testcase name="testWikipediaShortestPath{Fixture}[5]" classname="com.graphhopper.routing.RoutingAlgorithmTest" time="0"/>
  <testcase name="testWikipediaShortestPath{Fixture}[6]" classname="com.graphhopper.routing.RoutingAlgorithmTest" time="0"/>
  <testcase name="testWikipediaShortestPath{Fixture}[7]" classname="com.graphhopper.routing.RoutingAlgorithmTest" time="0"/>
  <testcase name="testWikipediaShortestPath{Fixture}[8]" classname="com.graphhopper.routing.RoutingAlgorithmTest" time="0.016"/>
  <testcase name="testWikipediaShortestPath{Fixture}[9]" classname="com.graphhopper.routing.RoutingAlgorithmTest" time="0.001"/>
  <testcase name="testWikipediaShortestPath{Fixture}[10]" classname="com.graphhopper.routing.RoutingAlgorithmTest" time="0.002"/>
  <testcase name="testWikipediaShortestPath{Fixture}[11]" classname="com.graphhopper.routing.RoutingAlgorithmTest" time="0.001"/>
  <testcase name="testWikipediaShortestPath{Fixture}[12]" classname="com.graphhopper.routing.RoutingAlgorithmTest" time="0"/>
  <testcase name="testWikipediaShortestPath{Fixture}[13]" classname="com.graphhopper.routing.RoutingAlgorithmTest" time="0"/>
  <testcase name="testCreateAlgoTwice{Fixture}[1]" classname="com.graphhopper.routing.RoutingAlgorithmTest" time="0.005"/>
  <testcase name="testCreateAlgoTwice{Fixture}[2]" classname="com.graphhopper.routing.RoutingAlgorithmTest" time="0.002"/>
  <testcase name="testCreateAlgoTwice{Fixture}[3]" classname="com.graphhopper.routing.RoutingAlgorithmTest" time="0.001"/>
  <testcase name="testCreateAlgoTwice{Fixture}[4]" classname="com.graphhopper.routing.RoutingAlgorithmTest" time="0.002"/>
  <testcase name="testCreateAlgoTwice{Fixture}[5]" classname="com.graphhopper.routing.RoutingAlgorithmTest" time="0.001"/>
  <testcase name="testCreateAlgoTwice{Fixture}[6]" classname="com.graphhopper.routing.RoutingAlgorithmTest" time="0.001"/>
  <testcase name="testCreateAlgoTwice{Fixture}[7]" classname="com.graphhopper.routing.RoutingAlgorithmTest" time="0.001"/>
  <testcase name="testCreateAlgoTwice{Fixture}[8]" classname="com.graphhopper.routing.RoutingAlgorithmTest" time="0.005"/>
  <testcase name="testCreateAlgoTwice{Fixture}[9]" classname="com.graphhopper.routing.RoutingAlgorithmTest" time="0.001"/>
  <testcase name="testCreateAlgoTwice{Fixture}[10]" classname="com.graphhopper.routing.RoutingAlgorithmTest" time="0.002"/>
  <testcase name="testCreateAlgoTwice{Fixture}[11]" classname="com.graphhopper.routing.RoutingAlgorithmTest" time="0.003"/>
  <testcase name="testCreateAlgoTwice{Fixture}[12]" classname="com.graphhopper.routing.RoutingAlgorithmTest" time="0.002"/>
  <testcase name="testCreateAlgoTwice{Fixture}[13]" classname="com.graphhopper.routing.RoutingAlgorithmTest" time="0.003"/>
  <testcase name="testRandomGraph{Fixture}[1]" classname="com.graphhopper.routing.RoutingAlgorithmTest" time="0.092"/>
  <testcase name="testRandomGraph{Fixture}[2]" classname="com.graphhopper.routing.RoutingAlgorithmTest" time="0.079"/>
  <testcase name="testRandomGraph{Fixture}[3]" classname="com.graphhopper.routing.RoutingAlgorithmTest" time="0.093"/>
  <testcase name="testRandomGraph{Fixture}[4]" classname="com.graphhopper.routing.RoutingAlgorithmTest" time="0.078"/>
  <testcase name="testRandomGraph{Fixture}[5]" classname="com.graphhopper.routing.RoutingAlgorithmTest" time="0.09"/>
  <testcase name="testRandomGraph{Fixture}[6]" classname="com.graphhopper.routing.RoutingAlgorithmTest" time="0.088"/>
  <testcase name="testRandomGraph{Fixture}[7]" classname="com.graphhopper.routing.RoutingAlgorithmTest" time="0.078"/>
  <testcase name="testRandomGraph{Fixture}[8]" classname="com.graphhopper.routing.RoutingAlgorithmTest" time="0.083"/>
  <testcase name="testRandomGraph{Fixture}[9]" classname="com.graphhopper.routing.RoutingAlgorithmTest" time="0.083"/>
  <testcase name="testRandomGraph{Fixture}[10]" classname="com.graphhopper.routing.RoutingAlgorithmTest" time="0.101"/>
  <testcase name="testRandomGraph{Fixture}[11]" classname="com.graphhopper.routing.RoutingAlgorithmTest" time="0.083"/>
  <testcase name="testRandomGraph{Fixture}[12]" classname="com.graphhopper.routing.RoutingAlgorithmTest" time="0.101"/>
  <testcase name="testRandomGraph{Fixture}[13]" classname="com.graphhopper.routing.RoutingAlgorithmTest" time="0.083"/>
  <testcase name="testDirectedGraphBug1{Fixture}[1]" classname="com.graphhopper.routing.RoutingAlgorithmTest" time="0.014"/>
  <testcase name="testDirectedGraphBug1{Fixture}[2]" classname="com.graphhopper.routing.RoutingAlgorithmTest" time="0.001"/>
  <testcase name="testDirectedGraphBug1{Fixture}[3]" classname="com.graphhopper.routing.RoutingAlgorithmTest" time="0.002"/>
  <testcase name="testDirectedGraphBug1{Fixture}[4]" classname="com.graphhopper.routing.RoutingAlgorithmTest" time="0.001"/>
  <testcase name="testDirectedGraphBug1{Fixture}[5]" classname="com.graphhopper.routing.RoutingAlgorithmTest" time="0"/>
  <testcase name="testDirectedGraphBug1{Fixture}[6]" classname="com.graphhopper.routing.RoutingAlgorithmTest" time="0"/>
  <testcase name="testDirectedGraphBug1{Fixture}[7]" classname="com.graphhopper.routing.RoutingAlgorithmTest" time="0"/>
  <testcase name="testDirectedGraphBug1{Fixture}[8]" classname="com.graphhopper.routing.RoutingAlgorithmTest" time="0"/>
  <testcase name="testDirectedGraphBug1{Fixture}[9]" classname="com.graphhopper.routing.RoutingAlgorithmTest" time="0"/>
  <testcase name="testDirectedGraphBug1{Fixture}[10]" classname="com.graphhopper.routing.RoutingAlgorithmTest" time="0.01"/>
  <testcase name="testDirectedGraphBug1{Fixture}[11]" classname="com.graphhopper.routing.RoutingAlgorithmTest" time="0.001"/>
  <testcase name="testDirectedGraphBug1{Fixture}[12]" classname="com.graphhopper.routing.RoutingAlgorithmTest" time="0.005"/>
  <testcase name="testDirectedGraphBug1{Fixture}[13]" classname="com.graphhopper.routing.RoutingAlgorithmTest" time="0.007"/>
  <testcase name="testDirectedGraphBug2{Fixture}[1]" classname="com.graphhopper.routing.RoutingAlgorithmTest" time="0.003"/>
  <testcase name="testDirectedGraphBug2{Fixture}[2]" classname="com.graphhopper.routing.RoutingAlgorithmTest" time="0.002"/>
  <testcase name="testDirectedGraphBug2{Fixture}[3]" classname="com.graphhopper.routing.RoutingAlgorithmTest" time="0.002"/>
  <testcase name="testDirectedGraphBug2{Fixture}[4]" classname="com.graphhopper.routing.RoutingAlgorithmTest" time="0.002"/>
  <testcase name="testDirectedGraphBug2{Fixture}[5]" classname="com.graphhopper.routing.RoutingAlgorithmTest" time="0.002"/>
  <testcase name="testDirectedGraphBug2{Fixture}[6]" classname="com.graphhopper.routing.RoutingAlgorithmTest" time="0.002"/>
  <testcase name="testDirectedGraphBug2{Fixture}[7]" classname="com.graphhopper.routing.RoutingAlgorithmTest" time="0.001"/>
  <testcase name="testDirectedGraphBug2{Fixture}[8]" classname="com.graphhopper.routing.RoutingAlgorithmTest" time="0"/>
  <testcase name="testDirectedGraphBug2{Fixture}[9]" classname="com.graphhopper.routing.RoutingAlgorithmTest" time="0"/>
  <testcase name="testDirectedGraphBug2{Fixture}[10]" classname="com.graphhopper.routing.RoutingAlgorithmTest" time="0"/>
  <testcase name="testDirectedGraphBug2{Fixture}[11]" classname="com.graphhopper.routing.RoutingAlgorithmTest" time="0"/>
  <testcase name="testDirectedGraphBug2{Fixture}[12]" classname="com.graphhopper.routing.RoutingAlgorithmTest" time="0"/>
  <testcase name="testDirectedGraphBug2{Fixture}[13]" classname="com.graphhopper.routing.RoutingAlgorithmTest" time="0"/>
  <testcase name="testMultipleVehicles_issue548{Fixture}[1]" classname="com.graphhopper.routing.RoutingAlgorithmTest" time="0.016"/>
  <testcase name="testMultipleVehicles_issue548{Fixture}[2]" classname="com.graphhopper.routing.RoutingAlgorithmTest" time="0.016"/>
  <testcase name="testMultipleVehicles_issue548{Fixture}[3]" classname="com.graphhopper.routing.RoutingAlgorithmTest" time="0"/>
  <testcase name="testMultipleVehicles_issue548{Fixture}[4]" classname="com.graphhopper.routing.RoutingAlgorithmTest" time="0"/>
  <testcase name="testMultipleVehicles_issue548{Fixture}[5]" classname="com.graphhopper.routing.RoutingAlgorithmTest" time="0.015"/>
  <testcase name="testMultipleVehicles_issue548{Fixture}[6]" classname="com.graphhopper.routing.RoutingAlgorithmTest" time="0"/>
  <testcase name="testMultipleVehicles_issue548{Fixture}[7]" classname="com.graphhopper.routing.RoutingAlgorithmTest" time="0"/>
  <testcase name="testMultipleVehicles_issue548{Fixture}[8]" classname="com.graphhopper.routing.RoutingAlgorithmTest" time="0"/>
  <testcase name="testMultipleVehicles_issue548{Fixture}[9]" classname="com.graphhopper.routing.RoutingAlgorithmTest" time="0"/>
  <testcase name="testMultipleVehicles_issue548{Fixture}[10]" classname="com.graphhopper.routing.RoutingAlgorithmTest" time="0.016"/>
  <testcase name="testMultipleVehicles_issue548{Fixture}[11]" classname="com.graphhopper.routing.RoutingAlgorithmTest" time="0"/>
  <testcase name="testMultipleVehicles_issue548{Fixture}[12]" classname="com.graphhopper.routing.RoutingAlgorithmTest" time="0"/>
  <testcase name="testMultipleVehicles_issue548{Fixture}[13]" classname="com.graphhopper.routing.RoutingAlgorithmTest" time="0"/>
  <testcase name="testBidirectionalLinear{Fixture}[1]" classname="com.graphhopper.routing.RoutingAlgorithmTest" time="0"/>
  <testcase name="testBidirectionalLinear{Fixture}[2]" classname="com.graphhopper.routing.RoutingAlgorithmTest" time="0"/>
  <testcase name="testBidirectionalLinear{Fixture}[3]" classname="com.graphhopper.routing.RoutingAlgorithmTest" time="0"/>
  <testcase name="testBidirectionalLinear{Fixture}[4]" classname="com.graphhopper.routing.RoutingAlgorithmTest" time="0"/>
  <testcase name="testBidirectionalLinear{Fixture}[5]" classname="com.graphhopper.routing.RoutingAlgorithmTest" time="0"/>
  <testcase name="testBidirectionalLinear{Fixture}[6]" classname="com.graphhopper.routing.RoutingAlgorithmTest" time="0"/>
  <testcase name="testBidirectionalLinear{Fixture}[7]" classname="com.graphhopper.routing.RoutingAlgorithmTest" time="0"/>
  <testcase name="testBidirectionalLinear{Fixture}[8]" classname="com.graphhopper.routing.RoutingAlgorithmTest" time="0"/>
  <testcase name="testBidirectionalLinear{Fixture}[9]" classname="com.graphhopper.routing.RoutingAlgorithmTest" time="0"/>
  <testcase name="testBidirectionalLinear{Fixture}[10]" classname="com.graphhopper.routing.RoutingAlgorithmTest" time="0"/>
  <testcase name="testBidirectionalLinear{Fixture}[11]" classname="com.graphhopper.routing.RoutingAlgorithmTest" time="0"/>
  <testcase name="testBidirectionalLinear{Fixture}[12]" classname="com.graphhopper.routing.RoutingAlgorithmTest" time="0"/>
  <testcase name="testBidirectionalLinear{Fixture}[13]" classname="com.graphhopper.routing.RoutingAlgorithmTest" time="0"/>
  <testcase name="testViaEdges_WithCoordinates{Fixture}[1]" classname="com.graphhopper.routing.RoutingAlgorithmTest" time="0"/>
  <testcase name="testViaEdges_WithCoordinates{Fixture}[2]" classname="com.graphhopper.routing.RoutingAlgorithmTest" time="0"/>
  <testcase name="testViaEdges_WithCoordinates{Fixture}[3]" classname="com.graphhopper.routing.RoutingAlgorithmTest" time="0"/>
  <testcase name="testViaEdges_WithCoordinates{Fixture}[4]" classname="com.graphhopper.routing.RoutingAlgorithmTest" time="0"/>
  <testcase name="testViaEdges_WithCoordinates{Fixture}[5]" classname="com.graphhopper.routing.RoutingAlgorithmTest" time="0.015"/>
  <testcase name="testViaEdges_WithCoordinates{Fixture}[6]" classname="com.graphhopper.routing.RoutingAlgorithmTest" time="0"/>
  <testcase name="testViaEdges_WithCoordinates{Fixture}[7]" classname="com.graphhopper.routing.RoutingAlgorithmTest" time="0"/>
  <testcase name="testViaEdges_WithCoordinates{Fixture}[8]" classname="com.graphhopper.routing.RoutingAlgorithmTest" time="0"/>
  <testcase name="testViaEdges_WithCoordinates{Fixture}[9]" classname="com.graphhopper.routing.RoutingAlgorithmTest" time="0"/>
  <testcase name="testViaEdges_WithCoordinates{Fixture}[10]" classname="com.graphhopper.routing.RoutingAlgorithmTest" time="0"/>
  <testcase name="testViaEdges_WithCoordinates{Fixture}[11]" classname="com.graphhopper.routing.RoutingAlgorithmTest" time="0.016"/>
  <testcase name="testViaEdges_WithCoordinates{Fixture}[12]" classname="com.graphhopper.routing.RoutingAlgorithmTest" time="0"/>
  <testcase name="testViaEdges_WithCoordinates{Fixture}[13]" classname="com.graphhopper.routing.RoutingAlgorithmTest" time="0"/>
  <testcase name="testCannotCalculateSP{Fixture}[1]" classname="com.graphhopper.routing.RoutingAlgorithmTest" time="0"/>
  <testcase name="testCannotCalculateSP{Fixture}[2]" classname="com.graphhopper.routing.RoutingAlgorithmTest" time="0.016"/>
  <testcase name="testCannotCalculateSP{Fixture}[3]" classname="com.graphhopper.routing.RoutingAlgorithmTest" time="0"/>
  <testcase name="testCannotCalculateSP{Fixture}[4]" classname="com.graphhopper.routing.RoutingAlgorithmTest" time="0"/>
  <testcase name="testCannotCalculateSP{Fixture}[5]" classname="com.graphhopper.routing.RoutingAlgorithmTest" time="0.015"/>
  <testcase name="testCannotCalculateSP{Fixture}[6]" classname="com.graphhopper.routing.RoutingAlgorithmTest" time="0"/>
  <testcase name="testCannotCalculateSP{Fixture}[7]" classname="com.graphhopper.routing.RoutingAlgorithmTest" time="0.016"/>
  <testcase name="testCannotCalculateSP{Fixture}[8]" classname="com.graphhopper.routing.RoutingAlgorithmTest" time="0"/>
  <testcase name="testCannotCalculateSP{Fixture}[9]" classname="com.graphhopper.routing.RoutingAlgorithmTest" time="0"/>
  <testcase name="testCannotCalculateSP{Fixture}[10]" classname="com.graphhopper.routing.RoutingAlgorithmTest" time="0.016"/>
  <testcase name="testCannotCalculateSP{Fixture}[11]" classname="com.graphhopper.routing.RoutingAlgorithmTest" time="0.015"/>
  <testcase name="testCannotCalculateSP{Fixture}[12]" classname="com.graphhopper.routing.RoutingAlgorithmTest" time="0"/>
  <testcase name="testCannotCalculateSP{Fixture}[13]" classname="com.graphhopper.routing.RoutingAlgorithmTest" time="0.016"/>
  <testcase name="testViaEdges_FromEqualsTo{Fixture}[1]" classname="com.graphhopper.routing.RoutingAlgorithmTest" time="0"/>
  <testcase name="testViaEdges_FromEqualsTo{Fixture}[2]" classname="com.graphhopper.routing.RoutingAlgorithmTest" time="0.015"/>
  <testcase name="testViaEdges_FromEqualsTo{Fixture}[3]" classname="com.graphhopper.routing.RoutingAlgorithmTest" time="0"/>
  <testcase name="testViaEdges_FromEqualsTo{Fixture}[4]" classname="com.graphhopper.routing.RoutingAlgorithmTest" time="0.016"/>
  <testcase name="testViaEdges_FromEqualsTo{Fixture}[5]" classname="com.graphhopper.routing.RoutingAlgorithmTest" time="0.016"/>
  <testcase name="testViaEdges_FromEqualsTo{Fixture}[6]" classname="com.graphhopper.routing.RoutingAlgorithmTest" time="0.015"/>
  <testcase name="testViaEdges_FromEqualsTo{Fixture}[7]" classname="com.graphhopper.routing.RoutingAlgorithmTest" time="0"/>
  <testcase name="testViaEdges_FromEqualsTo{Fixture}[8]" classname="com.graphhopper.routing.RoutingAlgorithmTest" time="0"/>
  <testcase name="testViaEdges_FromEqualsTo{Fixture}[9]" classname="com.graphhopper.routing.RoutingAlgorithmTest" time="0"/>
  <testcase name="testViaEdges_FromEqualsTo{Fixture}[10]" classname="com.graphhopper.routing.RoutingAlgorithmTest" time="0"/>
  <testcase name="testViaEdges_FromEqualsTo{Fixture}[11]" classname="com.graphhopper.routing.RoutingAlgorithmTest" time="0.016"/>
  <testcase name="testViaEdges_FromEqualsTo{Fixture}[12]" classname="com.graphhopper.routing.RoutingAlgorithmTest" time="0"/>
  <testcase name="testViaEdges_FromEqualsTo{Fixture}[13]" classname="com.graphhopper.routing.RoutingAlgorithmTest" time="0"/>
  <testcase name="testTwoWeightsPerEdge{Fixture}[1]" classname="com.graphhopper.routing.RoutingAlgorithmTest" time="0"/>
  <testcase name="testTwoWeightsPerEdge{Fixture}[2]" classname="com.graphhopper.routing.RoutingAlgorithmTest" time="0"/>
  <testcase name="testTwoWeightsPerEdge{Fixture}[3]" classname="com.graphhopper.routing.RoutingAlgorithmTest" time="0.001"/>
  <testcase name="testTwoWeightsPerEdge{Fixture}[4]" classname="com.graphhopper.routing.RoutingAlgorithmTest" time="0"/>
  <testcase name="testTwoWeightsPerEdge{Fixture}[5]" classname="com.graphhopper.routing.RoutingAlgorithmTest" time="0.001"/>
  <testcase name="testTwoWeightsPerEdge{Fixture}[6]" classname="com.graphhopper.routing.RoutingAlgorithmTest" time="0.001"/>
  <testcase name="testTwoWeightsPerEdge{Fixture}[7]" classname="com.graphhopper.routing.RoutingAlgorithmTest" time="0.001"/>
  <testcase name="testTwoWeightsPerEdge{Fixture}[8]" classname="com.graphhopper.routing.RoutingAlgorithmTest" time="0.001"/>
  <testcase name="testTwoWeightsPerEdge{Fixture}[9]" classname="com.graphhopper.routing.RoutingAlgorithmTest" time="0.001"/>
  <testcase name="testTwoWeightsPerEdge{Fixture}[10]" classname="com.graphhopper.routing.RoutingAlgorithmTest" time="0.002"/>
  <testcase name="testTwoWeightsPerEdge{Fixture}[11]" classname="com.graphhopper.routing.RoutingAlgorithmTest" time="0.003"/>
  <testcase name="testTwoWeightsPerEdge{Fixture}[12]" classname="com.graphhopper.routing.RoutingAlgorithmTest" time="0.002"/>
  <testcase name="testTwoWeightsPerEdge{Fixture}[13]" classname="com.graphhopper.routing.RoutingAlgorithmTest" time="0.004"/>
  <testcase name="testNoPathFound{Fixture}[1]" classname="com.graphhopper.routing.RoutingAlgorithmTest" time="0.004"/>
  <testcase name="testNoPathFound{Fixture}[2]" classname="com.graphhopper.routing.RoutingAlgorithmTest" time="0.002"/>
  <testcase name="testNoPathFound{Fixture}[3]" classname="com.graphhopper.routing.RoutingAlgorithmTest" time="0.001"/>
  <testcase name="testNoPathFound{Fixture}[4]" classname="com.graphhopper.routing.RoutingAlgorithmTest" time="0"/>
  <testcase name="testNoPathFound{Fixture}[5]" classname="com.graphhopper.routing.RoutingAlgorithmTest" time="0"/>
  <testcase name="testNoPathFound{Fixture}[6]" classname="com.graphhopper.routing.RoutingAlgorithmTest" time="0"/>
  <testcase name="testNoPathFound{Fixture}[7]" classname="com.graphhopper.routing.RoutingAlgorithmTest" time="0.016"/>
  <testcase name="testNoPathFound{Fixture}[8]" classname="com.graphhopper.routing.RoutingAlgorithmTest" time="0"/>
  <testcase name="testNoPathFound{Fixture}[9]" classname="com.graphhopper.routing.RoutingAlgorithmTest" time="0"/>
  <testcase name="testNoPathFound{Fixture}[10]" classname="com.graphhopper.routing.RoutingAlgorithmTest" time="0.015"/>
  <testcase name="testNoPathFound{Fixture}[11]" classname="com.graphhopper.routing.RoutingAlgorithmTest" time="0"/>
  <testcase name="testNoPathFound{Fixture}[12]" classname="com.graphhopper.routing.RoutingAlgorithmTest" time="0.016"/>
  <testcase name="testNoPathFound{Fixture}[13]" classname="com.graphhopper.routing.RoutingAlgorithmTest" time="0"/>
  <testcase name="testCalcFootPath{Fixture}[1]" classname="com.graphhopper.routing.RoutingAlgorithmTest" time="0"/>
  <testcase name="testCalcFootPath{Fixture}[2]" classname="com.graphhopper.routing.RoutingAlgorithmTest" time="0"/>
  <testcase name="testCalcFootPath{Fixture}[3]" classname="com.graphhopper.routing.RoutingAlgorithmTest" time="0.015"/>
  <testcase name="testCalcFootPath{Fixture}[4]" classname="com.graphhopper.routing.RoutingAlgorithmTest" time="0"/>
  <testcase name="testCalcFootPath{Fixture}[5]" classname="com.graphhopper.routing.RoutingAlgorithmTest" time="0"/>
  <testcase name="testCalcFootPath{Fixture}[6]" classname="com.graphhopper.routing.RoutingAlgorithmTest" time="0"/>
  <testcase name="testCalcFootPath{Fixture}[7]" classname="com.graphhopper.routing.RoutingAlgorithmTest" time="0"/>
  <testcase name="testCalcFootPath{Fixture}[8]" classname="com.graphhopper.routing.RoutingAlgorithmTest" time="0"/>
  <testcase name="testCalcFootPath{Fixture}[9]" classname="com.graphhopper.routing.RoutingAlgorithmTest" time="0"/>
  <testcase name="testCalcFootPath{Fixture}[10]" classname="com.graphhopper.routing.RoutingAlgorithmTest" time="0"/>
  <testcase name="testCalcFootPath{Fixture}[11]" classname="com.graphhopper.routing.RoutingAlgorithmTest" time="0"/>
  <testcase name="testCalcFootPath{Fixture}[12]" classname="com.graphhopper.routing.RoutingAlgorithmTest" time="0"/>
  <testcase name="testCalcFootPath{Fixture}[13]" classname="com.graphhopper.routing.RoutingAlgorithmTest" time="0"/>
  <testcase name="testQueryGraphAndFastest{Fixture}[1]" classname="com.graphhopper.routing.RoutingAlgorithmTest" time="0"/>
  <testcase name="testQueryGraphAndFastest{Fixture}[2]" classname="com.graphhopper.routing.RoutingAlgorithmTest" time="0"/>
  <testcase name="testQueryGraphAndFastest{Fixture}[3]" classname="com.graphhopper.routing.RoutingAlgorithmTest" time="0"/>
  <testcase name="testQueryGraphAndFastest{Fixture}[4]" classname="com.graphhopper.routing.RoutingAlgorithmTest" time="0"/>
  <testcase name="testQueryGraphAndFastest{Fixture}[5]" classname="com.graphhopper.routing.RoutingAlgorithmTest" time="0"/>
  <testcase name="testQueryGraphAndFastest{Fixture}[6]" classname="com.graphhopper.routing.RoutingAlgorithmTest" time="0"/>
  <testcase name="testQueryGraphAndFastest{Fixture}[7]" classname="com.graphhopper.routing.RoutingAlgorithmTest" time="0"/>
  <testcase name="testQueryGraphAndFastest{Fixture}[8]" classname="com.graphhopper.routing.RoutingAlgorithmTest" time="0"/>
  <testcase name="testQueryGraphAndFastest{Fixture}[9]" classname="com.graphhopper.routing.RoutingAlgorithmTest" time="0"/>
  <testcase name="testQueryGraphAndFastest{Fixture}[10]" classname="com.graphhopper.routing.RoutingAlgorithmTest" time="0.015"/>
  <testcase name="testQueryGraphAndFastest{Fixture}[11]" classname="com.graphhopper.routing.RoutingAlgorithmTest" time="0"/>
  <testcase name="testQueryGraphAndFastest{Fixture}[12]" classname="com.graphhopper.routing.RoutingAlgorithmTest" time="0"/>
  <testcase name="testQueryGraphAndFastest{Fixture}[13]" classname="com.graphhopper.routing.RoutingAlgorithmTest" time="0.016"/>
  <testcase name="testViaEdges_SpecialCases{Fixture}[1]" classname="com.graphhopper.routing.RoutingAlgorithmTest" time="0.016"/>
  <testcase name="testViaEdges_SpecialCases{Fixture}[2]" classname="com.graphhopper.routing.RoutingAlgorithmTest" time="0"/>
  <testcase name="testViaEdges_SpecialCases{Fixture}[3]" classname="com.graphhopper.routing.RoutingAlgorithmTest" time="0.015"/>
  <testcase name="testViaEdges_SpecialCases{Fixture}[4]" classname="com.graphhopper.routing.RoutingAlgorithmTest" time="0"/>
  <testcase name="testViaEdges_SpecialCases{Fixture}[5]" classname="com.graphhopper.routing.RoutingAlgorithmTest" time="0.016"/>
  <testcase name="testViaEdges_SpecialCases{Fixture}[6]" classname="com.graphhopper.routing.RoutingAlgorithmTest" time="0.015"/>
  <testcase name="testViaEdges_SpecialCases{Fixture}[7]" classname="com.graphhopper.routing.RoutingAlgorithmTest" time="0"/>
  <testcase name="testViaEdges_SpecialCases{Fixture}[8]" classname="com.graphhopper.routing.RoutingAlgorithmTest" time="0.016"/>
  <testcase name="testViaEdges_SpecialCases{Fixture}[9]" classname="com.graphhopper.routing.RoutingAlgorithmTest" time="0.016"/>
  <testcase name="testViaEdges_SpecialCases{Fixture}[10]" classname="com.graphhopper.routing.RoutingAlgorithmTest" time="0"/>
  <testcase name="testViaEdges_SpecialCases{Fixture}[11]" classname="com.graphhopper.routing.RoutingAlgorithmTest" time="0"/>
  <testcase name="testViaEdges_SpecialCases{Fixture}[12]" classname="com.graphhopper.routing.RoutingAlgorithmTest" time="0.015"/>
  <testcase name="testViaEdges_SpecialCases{Fixture}[13]" classname="com.graphhopper.routing.RoutingAlgorithmTest" time="0.016"/>
  <testcase name="testCalcShortestPath_sourceEqualsTarget{Fixture}[1]" classname="com.graphhopper.routing.RoutingAlgorithmTest" time="0"/>
  <testcase name="testCalcShortestPath_sourceEqualsTarget{Fixture}[2]" classname="com.graphhopper.routing.RoutingAlgorithmTest" time="0"/>
  <testcase name="testCalcShortestPath_sourceEqualsTarget{Fixture}[3]" classname="com.graphhopper.routing.RoutingAlgorithmTest" time="0"/>
  <testcase name="testCalcShortestPath_sourceEqualsTarget{Fixture}[4]" classname="com.graphhopper.routing.RoutingAlgorithmTest" time="0.016"/>
  <testcase name="testCalcShortestPath_sourceEqualsTarget{Fixture}[5]" classname="com.graphhopper.routing.RoutingAlgorithmTest" time="0"/>
  <testcase name="testCalcShortestPath_sourceEqualsTarget{Fixture}[6]" classname="com.graphhopper.routing.RoutingAlgorithmTest" time="0"/>
  <testcase name="testCalcShortestPath_sourceEqualsTarget{Fixture}[7]" classname="com.graphhopper.routing.RoutingAlgorithmTest" time="0"/>
  <testcase name="testCalcShortestPath_sourceEqualsTarget{Fixture}[8]" classname="com.graphhopper.routing.RoutingAlgorithmTest" time="0"/>
  <testcase name="testCalcShortestPath_sourceEqualsTarget{Fixture}[9]" classname="com.graphhopper.routing.RoutingAlgorithmTest" time="0"/>
  <testcase name="testCalcShortestPath_sourceEqualsTarget{Fixture}[10]" classname="com.graphhopper.routing.RoutingAlgorithmTest" time="0"/>
  <testcase name="testCalcShortestPath_sourceEqualsTarget{Fixture}[11]" classname="com.graphhopper.routing.RoutingAlgorithmTest" time="0"/>
  <testcase name="testCalcShortestPath_sourceEqualsTarget{Fixture}[12]" classname="com.graphhopper.routing.RoutingAlgorithmTest" time="0.015"/>
  <testcase name="testCalcShortestPath_sourceEqualsTarget{Fixture}[13]" classname="com.graphhopper.routing.RoutingAlgorithmTest" time="0"/>
  <testcase name="testBidirectional2{Fixture}[1]" classname="com.graphhopper.routing.RoutingAlgorithmTest" time="0"/>
  <testcase name="testBidirectional2{Fixture}[2]" classname="com.graphhopper.routing.RoutingAlgorithmTest" time="0"/>
  <testcase name="testBidirectional2{Fixture}[3]" classname="com.graphhopper.routing.RoutingAlgorithmTest" time="0"/>
  <testcase name="testBidirectional2{Fixture}[4]" classname="com.graphhopper.routing.RoutingAlgorithmTest" time="0"/>
  <testcase name="testBidirectional2{Fixture}[5]" classname="com.graphhopper.routing.RoutingAlgorithmTest" time="0"/>
  <testcase name="testBidirectional2{Fixture}[6]" classname="com.graphhopper.routing.RoutingAlgorithmTest" time="0"/>
  <testcase name="testBidirectional2{Fixture}[7]" classname="com.graphhopper.routing.RoutingAlgorithmTest" time="0"/>
  <testcase name="testBidirectional2{Fixture}[8]" classname="com.graphhopper.routing.RoutingAlgorithmTest" time="0.016"/>
  <testcase name="testBidirectional2{Fixture}[9]" classname="com.graphhopper.routing.RoutingAlgorithmTest" time="0"/>
  <testcase name="testBidirectional2{Fixture}[10]" classname="com.graphhopper.routing.RoutingAlgorithmTest" time="0"/>
  <testcase name="testBidirectional2{Fixture}[11]" classname="com.graphhopper.routing.RoutingAlgorithmTest" time="0"/>
  <testcase name="testBidirectional2{Fixture}[12]" classname="com.graphhopper.routing.RoutingAlgorithmTest" time="0"/>
  <testcase name="testBidirectional2{Fixture}[13]" classname="com.graphhopper.routing.RoutingAlgorithmTest" time="0"/>
  <testcase name="testCalcShortestPath{Fixture}[1]" classname="com.graphhopper.routing.RoutingAlgorithmTest" time="0"/>
  <testcase name="testCalcShortestPath{Fixture}[2]" classname="com.graphhopper.routing.RoutingAlgorithmTest" time="0"/>
  <testcase name="testCalcShortestPath{Fixture}[3]" classname="com.graphhopper.routing.RoutingAlgorithmTest" time="0"/>
  <testcase name="testCalcShortestPath{Fixture}[4]" classname="com.graphhopper.routing.RoutingAlgorithmTest" time="0"/>
  <testcase name="testCalcShortestPath{Fixture}[5]" classname="com.graphhopper.routing.RoutingAlgorithmTest" time="0"/>
  <testcase name="testCalcShortestPath{Fixture}[6]" classname="com.graphhopper.routing.RoutingAlgorithmTest" time="0"/>
  <testcase name="testCalcShortestPath{Fixture}[7]" classname="com.graphhopper.routing.RoutingAlgorithmTest" time="0"/>
  <testcase name="testCalcShortestPath{Fixture}[8]" classname="com.graphhopper.routing.RoutingAlgorithmTest" time="0"/>
  <testcase name="testCalcShortestPath{Fixture}[9]" classname="com.graphhopper.routing.RoutingAlgorithmTest" time="0"/>
  <testcase name="testCalcShortestPath{Fixture}[10]" classname="com.graphhopper.routing.RoutingAlgorithmTest" time="0"/>
  <testcase name="testCalcShortestPath{Fixture}[11]" classname="com.graphhopper.routing.RoutingAlgorithmTest" time="0.016"/>
  <testcase name="testCalcShortestPath{Fixture}[12]" classname="com.graphhopper.routing.RoutingAlgorithmTest" time="0"/>
  <testcase name="testCalcShortestPath{Fixture}[13]" classname="com.graphhopper.routing.RoutingAlgorithmTest" time="0"/>
  <testcase name="testViaEdges_BiGraph{Fixture}[1]" classname="com.graphhopper.routing.RoutingAlgorithmTest" time="0"/>
  <testcase name="testViaEdges_BiGraph{Fixture}[2]" classname="com.graphhopper.routing.RoutingAlgorithmTest" time="0.016"/>
  <testcase name="testViaEdges_BiGraph{Fixture}[3]" classname="com.graphhopper.routing.RoutingAlgorithmTest" time="0"/>
  <testcase name="testViaEdges_BiGraph{Fixture}[4]" classname="com.graphhopper.routing.RoutingAlgorithmTest" time="0"/>
  <testcase name="testViaEdges_BiGraph{Fixture}[5]" classname="com.graphhopper.routing.RoutingAlgorithmTest" time="0"/>
  <testcase name="testViaEdges_BiGraph{Fixture}[6]" classname="com.graphhopper.routing.RoutingAlgorithmTest" time="0"/>
  <testcase name="testViaEdges_BiGraph{Fixture}[7]" classname="com.graphhopper.routing.RoutingAlgorithmTest" time="0"/>
  <testcase name="testViaEdges_BiGraph{Fixture}[8]" classname="com.graphhopper.routing.RoutingAlgorithmTest" time="0.015"/>
  <testcase name="testViaEdges_BiGraph{Fixture}[9]" classname="com.graphhopper.routing.RoutingAlgorithmTest" time="0"/>
  <testcase name="testViaEdges_BiGraph{Fixture}[10]" classname="com.graphhopper.routing.RoutingAlgorithmTest" time="0"/>
  <testcase name="testViaEdges_BiGraph{Fixture}[11]" classname="com.graphhopper.routing.RoutingAlgorithmTest" time="0"/>
  <testcase name="testViaEdges_BiGraph{Fixture}[12]" classname="com.graphhopper.routing.RoutingAlgorithmTest" time="0"/>
  <testcase name="testViaEdges_BiGraph{Fixture}[13]" classname="com.graphhopper.routing.RoutingAlgorithmTest" time="0"/>
  <testcase name="testCalcIfEmptyWay{Fixture}[1]" classname="com.graphhopper.routing.RoutingAlgorithmTest" time="0"/>
  <testcase name="testCalcIfEmptyWay{Fixture}[2]" classname="com.graphhopper.routing.RoutingAlgorithmTest" time="0"/>
  <testcase name="testCalcIfEmptyWay{Fixture}[3]" classname="com.graphhopper.routing.RoutingAlgorithmTest" time="0"/>
  <testcase name="testCalcIfEmptyWay{Fixture}[4]" classname="com.graphhopper.routing.RoutingAlgorithmTest" time="0"/>
  <testcase name="testCalcIfEmptyWay{Fixture}[5]" classname="com.graphhopper.routing.RoutingAlgorithmTest" time="0"/>
  <testcase name="testCalcIfEmptyWay{Fixture}[6]" classname="com.graphhopper.routing.RoutingAlgorithmTest" time="0"/>
  <testcase name="testCalcIfEmptyWay{Fixture}[7]" classname="com.graphhopper.routing.RoutingAlgorithmTest" time="0.016"/>
  <testcase name="testCalcIfEmptyWay{Fixture}[8]" classname="com.graphhopper.routing.RoutingAlgorithmTest" time="0"/>
  <testcase name="testCalcIfEmptyWay{Fixture}[9]" classname="com.graphhopper.routing.RoutingAlgorithmTest" time="0"/>
  <testcase name="testCalcIfEmptyWay{Fixture}[10]" classname="com.graphhopper.routing.RoutingAlgorithmTest" time="0"/>
  <testcase name="testCalcIfEmptyWay{Fixture}[11]" classname="com.graphhopper.routing.RoutingAlgorithmTest" time="0"/>
  <testcase name="testCalcIfEmptyWay{Fixture}[12]" classname="com.graphhopper.routing.RoutingAlgorithmTest" time="0"/>
  <testcase name="testCalcIfEmptyWay{Fixture}[13]" classname="com.graphhopper.routing.RoutingAlgorithmTest" time="0.015"/>
  <testcase name="testSimpleAlternative{Fixture}[1]" classname="com.graphhopper.routing.RoutingAlgorithmTest" time="0"/>
  <testcase name="testSimpleAlternative{Fixture}[2]" classname="com.graphhopper.routing.RoutingAlgorithmTest" time="0"/>
  <testcase name="testSimpleAlternative{Fixture}[3]" classname="com.graphhopper.routing.RoutingAlgorithmTest" time="0"/>
  <testcase name="testSimpleAlternative{Fixture}[4]" classname="com.graphhopper.routing.RoutingAlgorithmTest" time="0"/>
  <testcase name="testSimpleAlternative{Fixture}[5]" classname="com.graphhopper.routing.RoutingAlgorithmTest" time="0"/>
  <testcase name="testSimpleAlternative{Fixture}[6]" classname="com.graphhopper.routing.RoutingAlgorithmTest" time="0"/>
  <testcase name="testSimpleAlternative{Fixture}[7]" classname="com.graphhopper.routing.RoutingAlgorithmTest" time="0"/>
  <testcase name="testSimpleAlternative{Fixture}[8]" classname="com.graphhopper.routing.RoutingAlgorithmTest" time="0.016"/>
  <testcase name="testSimpleAlternative{Fixture}[9]" classname="com.graphhopper.routing.RoutingAlgorithmTest" time="0"/>
  <testcase name="testSimpleAlternative{Fixture}[10]" classname="com.graphhopper.routing.RoutingAlgorithmTest" time="0"/>
  <testcase name="testSimpleAlternative{Fixture}[11]" classname="com.graphhopper.routing.RoutingAlgorithmTest" time="0"/>
  <testcase name="testSimpleAlternative{Fixture}[12]" classname="com.graphhopper.routing.RoutingAlgorithmTest" time="0"/>
  <testcase name="testSimpleAlternative{Fixture}[13]" classname="com.graphhopper.routing.RoutingAlgorithmTest" time="0.015"/>
  <testcase name="testWithCoordinates{Fixture}[1]" classname="com.graphhopper.routing.RoutingAlgorithmTest" time="0"/>
  <testcase name="testWithCoordinates{Fixture}[2]" classname="com.graphhopper.routing.RoutingAlgorithmTest" time="0"/>
  <testcase name="testWithCoordinates{Fixture}[3]" classname="com.graphhopper.routing.RoutingAlgorithmTest" time="0.032"/>
  <testcase name="testWithCoordinates{Fixture}[4]" classname="com.graphhopper.routing.RoutingAlgorithmTest" time="0"/>
  <testcase name="testWithCoordinates{Fixture}[5]" classname="com.graphhopper.routing.RoutingAlgorithmTest" time="0"/>
  <testcase name="testWithCoordinates{Fixture}[6]" classname="com.graphhopper.routing.RoutingAlgorithmTest" time="0.016"/>
  <testcase name="testWithCoordinates{Fixture}[7]" classname="com.graphhopper.routing.RoutingAlgorithmTest" time="0"/>
  <testcase name="testWithCoordinates{Fixture}[8]" classname="com.graphhopper.routing.RoutingAlgorithmTest" time="0.018"/>
  <testcase name="testWithCoordinates{Fixture}[9]" classname="com.graphhopper.routing.RoutingAlgorithmTest" time="0.006"/>
  <testcase name="testWithCoordinates{Fixture}[10]" classname="com.graphhopper.routing.RoutingAlgorithmTest" time="0.009"/>
  <testcase name="testWithCoordinates{Fixture}[11]" classname="com.graphhopper.routing.RoutingAlgorithmTest" time="0.011"/>
  <testcase name="testWithCoordinates{Fixture}[12]" classname="com.graphhopper.routing.RoutingAlgorithmTest" time="0.004"/>
  <testcase name="testWithCoordinates{Fixture}[13]" classname="com.graphhopper.routing.RoutingAlgorithmTest" time="0"/>
  <testcase name="testRekeyBugOfIntBinHeap{Fixture}[1]" classname="com.graphhopper.routing.RoutingAlgorithmTest" time="0"/>
  <testcase name="testRekeyBugOfIntBinHeap{Fixture}[2]" classname="com.graphhopper.routing.RoutingAlgorithmTest" time="0.015"/>
  <testcase name="testRekeyBugOfIntBinHeap{Fixture}[3]" classname="com.graphhopper.routing.RoutingAlgorithmTest" time="0"/>
  <testcase name="testRekeyBugOfIntBinHeap{Fixture}[4]" classname="com.graphhopper.routing.RoutingAlgorithmTest" time="0.016"/>
  <testcase name="testRekeyBugOfIntBinHeap{Fixture}[5]" classname="com.graphhopper.routing.RoutingAlgorithmTest" time="0"/>
  <testcase name="testRekeyBugOfIntBinHeap{Fixture}[6]" classname="com.graphhopper.routing.RoutingAlgorithmTest" time="0"/>
  <testcase name="testRekeyBugOfIntBinHeap{Fixture}[7]" classname="com.graphhopper.routing.RoutingAlgorithmTest" time="0.015"/>
  <testcase name="testRekeyBugOfIntBinHeap{Fixture}[8]" classname="com.graphhopper.routing.RoutingAlgorithmTest" time="0"/>
  <testcase name="testRekeyBugOfIntBinHeap{Fixture}[9]" classname="com.graphhopper.routing.RoutingAlgorithmTest" time="0.016"/>
  <testcase name="testRekeyBugOfIntBinHeap{Fixture}[10]" classname="com.graphhopper.routing.RoutingAlgorithmTest" time="0.031"/>
  <testcase name="testRekeyBugOfIntBinHeap{Fixture}[11]" classname="com.graphhopper.routing.RoutingAlgorithmTest" time="0.141"/>
  <testcase name="testRekeyBugOfIntBinHeap{Fixture}[12]" classname="com.graphhopper.routing.RoutingAlgorithmTest" time="0.016"/>
  <testcase name="testRekeyBugOfIntBinHeap{Fixture}[13]" classname="com.graphhopper.routing.RoutingAlgorithmTest" time="0.14"/>
  <testcase name="testCalcIf1EdgeAway{Fixture}[1]" classname="com.graphhopper.routing.RoutingAlgorithmTest" time="0.016"/>
  <testcase name="testCalcIf1EdgeAway{Fixture}[2]" classname="com.graphhopper.routing.RoutingAlgorithmTest" time="0"/>
  <testcase name="testCalcIf1EdgeAway{Fixture}[3]" classname="com.graphhopper.routing.RoutingAlgorithmTest" time="0"/>
  <testcase name="testCalcIf1EdgeAway{Fixture}[4]" classname="com.graphhopper.routing.RoutingAlgorithmTest" time="0"/>
  <testcase name="testCalcIf1EdgeAway{Fixture}[5]" classname="com.graphhopper.routing.RoutingAlgorithmTest" time="0"/>
  <testcase name="testCalcIf1EdgeAway{Fixture}[6]" classname="com.graphhopper.routing.RoutingAlgorithmTest" time="0.015"/>
  <testcase name="testCalcIf1EdgeAway{Fixture}[7]" classname="com.graphhopper.routing.RoutingAlgorithmTest" time="0"/>
  <testcase name="testCalcIf1EdgeAway{Fixture}[8]" classname="com.graphhopper.routing.RoutingAlgorithmTest" time="0.016"/>
  <testcase name="testCalcIf1EdgeAway{Fixture}[9]" classname="com.graphhopper.routing.RoutingAlgorithmTest" time="0"/>
  <testcase name="testCalcIf1EdgeAway{Fixture}[10]" classname="com.graphhopper.routing.RoutingAlgorithmTest" time="0.016"/>
  <testcase name="testCalcIf1EdgeAway{Fixture}[11]" classname="com.graphhopper.routing.RoutingAlgorithmTest" time="0.016"/>
  <testcase name="testCalcIf1EdgeAway{Fixture}[12]" classname="com.graphhopper.routing.RoutingAlgorithmTest" time="0.02"/>
  <testcase name="testCalcIf1EdgeAway{Fixture}[13]" classname="com.graphhopper.routing.RoutingAlgorithmTest" time="0.015"/>
  <testcase name="testMaxVisitedNodes{Fixture}[1]" classname="com.graphhopper.routing.RoutingAlgorithmTest" time="0.006"/>
  <testcase name="testMaxVisitedNodes{Fixture}[2]" classname="com.graphhopper.routing.RoutingAlgorithmTest" time="0.004"/>
  <testcase name="testMaxVisitedNodes{Fixture}[3]" classname="com.graphhopper.routing.RoutingAlgorithmTest" time="0"/>
  <testcase name="testMaxVisitedNodes{Fixture}[4]" classname="com.graphhopper.routing.RoutingAlgorithmTest" time="0.016"/>
  <testcase name="testMaxVisitedNodes{Fixture}[5]" classname="com.graphhopper.routing.RoutingAlgorithmTest" time="0"/>
  <testcase name="testMaxVisitedNodes{Fixture}[6]" classname="com.graphhopper.routing.RoutingAlgorithmTest" time="0"/>
  <testcase name="testMaxVisitedNodes{Fixture}[7]" classname="com.graphhopper.routing.RoutingAlgorithmTest" time="0"/>
  <testcase name="testMaxVisitedNodes{Fixture}[8]" classname="com.graphhopper.routing.RoutingAlgorithmTest" time="0.016"/>
  <testcase name="testMaxVisitedNodes{Fixture}[9]" classname="com.graphhopper.routing.RoutingAlgorithmTest" time="0"/>
  <testcase name="testMaxVisitedNodes{Fixture}[10]" classname="com.graphhopper.routing.RoutingAlgorithmTest" time="0"/>
  <testcase name="testMaxVisitedNodes{Fixture}[11]" classname="com.graphhopper.routing.RoutingAlgorithmTest" time="0"/>
  <testcase name="testMaxVisitedNodes{Fixture}[12]" classname="com.graphhopper.routing.RoutingAlgorithmTest" time="0"/>
  <testcase name="testMaxVisitedNodes{Fixture}[13]" classname="com.graphhopper.routing.RoutingAlgorithmTest" time="0.015"/>
  <testcase name="testTwoWeightsPerEdge2{Fixture}[1]" classname="com.graphhopper.routing.RoutingAlgorithmTest" time="0"/>
  <testcase name="testTwoWeightsPerEdge2{Fixture}[2]" classname="com.graphhopper.routing.RoutingAlgorithmTest" time="0"/>
  <testcase name="testTwoWeightsPerEdge2{Fixture}[3]" classname="com.graphhopper.routing.RoutingAlgorithmTest" time="0.016"/>
  <testcase name="testTwoWeightsPerEdge2{Fixture}[4]" classname="com.graphhopper.routing.RoutingAlgorithmTest" time="0"/>
  <testcase name="testTwoWeightsPerEdge2{Fixture}[5]" classname="com.graphhopper.routing.RoutingAlgorithmTest" time="0"/>
  <testcase name="testTwoWeightsPerEdge2{Fixture}[6]" classname="com.graphhopper.routing.RoutingAlgorithmTest" time="0"/>
  <testcase name="testTwoWeightsPerEdge2{Fixture}[7]" classname="com.graphhopper.routing.RoutingAlgorithmTest" time="0"/>
  <testcase name="testTwoWeightsPerEdge2{Fixture}[8]" classname="com.graphhopper.routing.RoutingAlgorithmTest" time="0"/>
  <testcase name="testTwoWeightsPerEdge2{Fixture}[9]" classname="com.graphhopper.routing.RoutingAlgorithmTest" time="0"/>
  <testcase name="testTwoWeightsPerEdge2{Fixture}[10]" classname="com.graphhopper.routing.RoutingAlgorithmTest" time="0.016"/>
  <testcase name="testTwoWeightsPerEdge2{Fixture}[11]" classname="com.graphhopper.routing.RoutingAlgorithmTest" time="0.016"/>
  <testcase name="testTwoWeightsPerEdge2{Fixture}[12]" classname="com.graphhopper.routing.RoutingAlgorithmTest" time="0.016"/>
  <testcase name="testTwoWeightsPerEdge2{Fixture}[13]" classname="com.graphhopper.routing.RoutingAlgorithmTest" time="0.016"/>
</testsuite>