<?xml version="1.0" encoding="UTF-8"?>
<testsuite xmlns:xsi="http://www.w3.org/2001/XMLSchema-instance" xsi:noNamespaceSchemaLocation="https://maven.apache.org/surefire/maven-surefire-plugin/xsd/surefire-test-report.xsd" name="com.graphhopper.routing.ch.CHTurnCostTest" time="6.905" tests="248" errors="0" skipped="0" failures="0">
  <properties>
[...]
</properties>
  <testcase name="testFindPath_bug" classname="com.graphhopper.routing.ch.CHTurnCostTest" time="0.042"/>
  <testcase name="testFiniteUTurnCost_virtualViaNode{String}[1]" classname="com.graphhopper.routing.ch.CHTurnCostTest" time="0.015"/>
  <testcase name="testFiniteUTurnCost_virtualViaNode{String}[2]" classname="com.graphhopper.routing.ch.CHTurnCostTest" time="0.006"/>
  <testcase name="testFindPath_finiteUTurnCost" classname="com.graphhopper.routing.ch.CHTurnCostTest" time="0.003"/>
  <testcase name="testRouteViaVirtualNode_withAlternative{String}[1]" classname="com.graphhopper.routing.ch.CHTurnCostTest" time="0.015"/>
  <testcase name="testRouteViaVirtualNode_withAlternative{String}[2]" classname="com.graphhopper.routing.ch.CHTurnCostTest" time="0"/>
  <testcase name="testFindPath_randomContractionOrder_simpleLoop[1]" classname="com.graphhopper.routing.ch.CHTurnCostTest" time="0"/>
  <testcase name="testFindPath_randomContractionOrder_simpleLoop[2]" classname="com.graphhopper.routing.ch.CHTurnCostTest" time="0"/>
  <testcase name="testFindPath_randomContractionOrder_simpleLoop[3]" classname="com.graphhopper.routing.ch.CHTurnCostTest" time="0.016"/>
  <testcase name="testFindPath_randomContractionOrder_simpleLoop[4]" classname="com.graphhopper.routing.ch.CHTurnCostTest" time="0.016"/>
  <testcase name="testFindPath_randomContractionOrder_simpleLoop[5]" classname="com.graphhopper.routing.ch.CHTurnCostTest" time="0"/>
  <testcase name="testFindPath_randomContractionOrder_simpleLoop[6]" classname="com.graphhopper.routing.ch.CHTurnCostTest" time="0.015"/>
  <testcase name="testFindPath_randomContractionOrder_simpleLoop[7]" classname="com.graphhopper.routing.ch.CHTurnCostTest" time="0.016"/>
  <testcase name="testFindPath_randomContractionOrder_simpleLoop[8]" classname="com.graphhopper.routing.ch.CHTurnCostTest" time="0.016"/>
  <testcase name="testFindPath_randomContractionOrder_simpleLoop[9]" classname="com.graphhopper.routing.ch.CHTurnCostTest" time="0"/>
  <testcase name="testFindPath_randomContractionOrder_simpleLoop[10]" classname="com.graphhopper.routing.ch.CHTurnCostTest" time="0.015"/>
  <testcase name="testFindPath_calcTurnCostTime" classname="com.graphhopper.routing.ch.CHTurnCostTest" time="0.016"/>
  <testcase name="testRouteViaVirtualNode{String}[1]" classname="com.graphhopper.routing.ch.CHTurnCostTest" time="0"/>
  <testcase name="testRouteViaVirtualNode{String}[2]" classname="com.graphhopper.routing.ch.CHTurnCostTest" time="0.015"/>
  <testcase name="testFindPath_chain" classname="com.graphhopper.routing.ch.CHTurnCostTest" time="0"/>
  <testcase name="testFindPath_random_compareWithDijkstra_zeroUTurnCost[1]" classname="com.graphhopper.routing.ch.CHTurnCostTest" time="0.063"/>
  <testcase name="testFindPath_random_compareWithDijkstra_zeroUTurnCost[2]" classname="com.graphhopper.routing.ch.CHTurnCostTest" time="0.062"/>
  <testcase name="testFindPath_random_compareWithDijkstra_zeroUTurnCost[3]" classname="com.graphhopper.routing.ch.CHTurnCostTest" time="0.061"/>
  <testcase name="testFindPath_random_compareWithDijkstra_zeroUTurnCost[4]" classname="com.graphhopper.routing.ch.CHTurnCostTest" time="0.042"/>
  <testcase name="testFindPath_random_compareWithDijkstra_zeroUTurnCost[5]" classname="com.graphhopper.routing.ch.CHTurnCostTest" time="0.085"/>
  <testcase name="testFindPath_random_compareWithDijkstra_zeroUTurnCost[6]" classname="com.graphhopper.routing.ch.CHTurnCostTest" time="0.083"/>
  <testcase name="testFindPath_random_compareWithDijkstra_zeroUTurnCost[7]" classname="com.graphhopper.routing.ch.CHTurnCostTest" time="0.05"/>
  <testcase name="testFindPath_random_compareWithDijkstra_zeroUTurnCost[8]" classname="com.graphhopper.routing.ch.CHTurnCostTest" time="0.066"/>
  <testcase name="testFindPath_random_compareWithDijkstra_zeroUTurnCost[9]" classname="com.graphhopper.routing.ch.CHTurnCostTest" time="0.068"/>
  <testcase name="testFindPath_random_compareWithDijkstra_zeroUTurnCost[10]" classname="com.graphhopper.routing.ch.CHTurnCostTest" time="0.032"/>
  <testcase name="testFindPath_randomContractionOrder_linear[1]" classname="com.graphhopper.routing.ch.CHTurnCostTest" time="0.017"/>
  <testcase name="testFindPath_randomContractionOrder_linear[2]" classname="com.graphhopper.routing.ch.CHTurnCostTest" time="0"/>
  <testcase name="testFindPath_randomContractionOrder_linear[3]" classname="com.graphhopper.routing.ch.CHTurnCostTest" time="0.034"/>
  <testcase name="testFindPath_randomContractionOrder_linear[4]" classname="com.graphhopper.routing.ch.CHTurnCostTest" time="0.017"/>
  <testcase name="testFindPath_randomContractionOrder_linear[5]" classname="com.graphhopper.routing.ch.CHTurnCostTest" time="0.021"/>
  <testcase name="testFindPath_randomContractionOrder_linear[6]" classname="com.graphhopper.routing.ch.CHTurnCostTest" time="0.011"/>
  <testcase name="testFindPath_randomContractionOrder_linear[7]" classname="com.graphhopper.routing.ch.CHTurnCostTest" time="0.011"/>
  <testcase name="testFindPath_randomContractionOrder_linear[8]" classname="com.graphhopper.routing.ch.CHTurnCostTest" time="0.001"/>
  <testcase name="testFindPath_randomContractionOrder_linear[9]" classname="com.graphhopper.routing.ch.CHTurnCostTest" time="0.017"/>
  <testcase name="testFindPath_randomContractionOrder_linear[10]" classname="com.graphhopper.routing.ch.CHTurnCostTest" time="0.016"/>
  <testcase name="testFindPath_bidir_chain" classname="com.graphhopper.routing.ch.CHTurnCostTest" time="0.017"/>
  <testcase name="testFindPath_duplicateEdge" classname="com.graphhopper.routing.ch.CHTurnCostTest" time="0.017"/>
  <testcase name="testFindPath_pTurn_uTurnAtContractedNode" classname="com.graphhopper.routing.ch.CHTurnCostTest" time="0.017"/>
  <testcase name="testBestFwdBwdEntryUpdate" classname="com.graphhopper.routing.ch.CHTurnCostTest" time="0.017"/>
  <testcase name="testFindPath_multipleInOutEdges_turnReplacementDifference_bug1" classname="com.graphhopper.routing.ch.CHTurnCostTest" time="0.001"/>
  <testcase name="testFindPath_heuristic_compareWithDijkstra_finiteUTurnCost[1]" classname="com.graphhopper.routing.ch.CHTurnCostTest" time="0.115"/>
  <testcase name="testFindPath_heuristic_compareWithDijkstra_finiteUTurnCost[2]" classname="com.graphhopper.routing.ch.CHTurnCostTest" time="0.082"/>
  <testcase name="testFindPath_heuristic_compareWithDijkstra_finiteUTurnCost[3]" classname="com.graphhopper.routing.ch.CHTurnCostTest" time="0.064"/>
  <testcase name="testFindPath_heuristic_compareWithDijkstra_finiteUTurnCost[4]" classname="com.graphhopper.routing.ch.CHTurnCostTest" time="0.047"/>
  <testcase name="testFindPath_heuristic_compareWithDijkstra_finiteUTurnCost[5]" classname="com.graphhopper.routing.ch.CHTurnCostTest" time="0.075"/>
  <testcase name="testFindPath_heuristic_compareWithDijkstra_finiteUTurnCost[6]" classname="com.graphhopper.routing.ch.CHTurnCostTest" time="0.043"/>
  <testcase name="testFindPath_heuristic_compareWithDijkstra_finiteUTurnCost[7]" classname="com.graphhopper.routing.ch.CHTurnCostTest" time="0.062"/>
  <testcase name="testFindPath_heuristic_compareWithDijkstra_finiteUTurnCost[8]" classname="com.graphhopper.routing.ch.CHTurnCostTest" time="0.063"/>
  <testcase name="testFindPath_heuristic_compareWithDijkstra_finiteUTurnCost[9]" classname="com.graphhopper.routing.ch.CHTurnCostTest" time="0.047"/>
  <testcase name="testFindPath_heuristic_compareWithDijkstra_finiteUTurnCost[10]" classname="com.graphhopper.routing.ch.CHTurnCostTest" time="0.047"/>
  <testcase name="testFindPath_randomContractionOrder_singleDirectedLoop[1]" classname="com.graphhopper.routing.ch.CHTurnCostTest" time="0.015"/>
  <testcase name="testFindPath_randomContractionOrder_singleDirectedLoop[2]" classname="com.graphhopper.routing.ch.CHTurnCostTest" time="0"/>
  <testcase name="testFindPath_randomContractionOrder_singleDirectedLoop[3]" classname="com.graphhopper.routing.ch.CHTurnCostTest" time="0"/>
  <testcase name="testFindPath_randomContractionOrder_singleDirectedLoop[4]" classname="com.graphhopper.routing.ch.CHTurnCostTest" time="0.015"/>
  <testcase name="testFindPath_randomContractionOrder_singleDirectedLoop[5]" classname="com.graphhopper.routing.ch.CHTurnCostTest" time="0"/>
  <testcase name="testFindPath_randomContractionOrder_singleDirectedLoop[6]" classname="com.graphhopper.routing.ch.CHTurnCostTest" time="0.016"/>
  <testcase name="testFindPath_randomContractionOrder_singleDirectedLoop[7]" classname="com.graphhopper.routing.ch.CHTurnCostTest" time="0"/>
  <testcase name="testFindPath_randomContractionOrder_singleDirectedLoop[8]" classname="com.graphhopper.routing.ch.CHTurnCostTest" time="0.016"/>
  <testcase name="testFindPath_randomContractionOrder_singleDirectedLoop[9]" classname="com.graphhopper.routing.ch.CHTurnCostTest" time="0"/>
  <testcase name="testFindPath_randomContractionOrder_singleDirectedLoop[10]" classname="com.graphhopper.routing.ch.CHTurnCostTest" time="0"/>
  <testcase name="testFindPath_randomContractionOrder_double_duplicate_edges" classname="com.graphhopper.routing.ch.CHTurnCostTest" time="0.109"/>
  <testcase name="testFindPath_random_compareWithDijkstra[1]" classname="com.graphhopper.routing.ch.CHTurnCostTest" time="0.031"/>
  <testcase name="testFindPath_random_compareWithDijkstra[2]" classname="com.graphhopper.routing.ch.CHTurnCostTest" time="0.032"/>
  <testcase name="testFindPath_random_compareWithDijkstra[3]" classname="com.graphhopper.routing.ch.CHTurnCostTest" time="0.034"/>
  <testcase name="testFindPath_random_compareWithDijkstra[4]" classname="com.graphhopper.routing.ch.CHTurnCostTest" time="0.026"/>
  <testcase name="testFindPath_random_compareWithDijkstra[5]" classname="com.graphhopper.routing.ch.CHTurnCostTest" time="0.02"/>
  <testcase name="testFindPath_random_compareWithDijkstra[6]" classname="com.graphhopper.routing.ch.CHTurnCostTest" time="0.031"/>
  <testcase name="testFindPath_random_compareWithDijkstra[7]" classname="com.graphhopper.routing.ch.CHTurnCostTest" time="0.031"/>
  <testcase name="testFindPath_random_compareWithDijkstra[8]" classname="com.graphhopper.routing.ch.CHTurnCostTest" time="0.016"/>
  <testcase name="testFindPath_random_compareWithDijkstra[9]" classname="com.graphhopper.routing.ch.CHTurnCostTest" time="0.031"/>
  <testcase name="testFindPath_random_compareWithDijkstra[10]" classname="com.graphhopper.routing.ch.CHTurnCostTest" time="0.016"/>
  <testcase name="testFindPath_heuristic_compareWithDijkstra[1]" classname="com.graphhopper.routing.ch.CHTurnCostTest" time="0.031"/>
  <testcase name="testFindPath_heuristic_compareWithDijkstra[2]" classname="com.graphhopper.routing.ch.CHTurnCostTest" time="0.031"/>
  <testcase name="testFindPath_heuristic_compareWithDijkstra[3]" classname="com.graphhopper.routing.ch.CHTurnCostTest" time="0.047"/>
  <testcase name="testFindPath_heuristic_compareWithDijkstra[4]" classname="com.graphhopper.routing.ch.CHTurnCostTest" time="0.031"/>
  <testcase name="testFindPath_heuristic_compareWithDijkstra[5]" classname="com.graphhopper.routing.ch.CHTurnCostTest" time="0.032"/>
  <testcase name="testFindPath_heuristic_compareWithDijkstra[6]" classname="com.graphhopper.routing.ch.CHTurnCostTest" time="0.015"/>
  <testcase name="testFindPath_heuristic_compareWithDijkstra[7]" classname="com.graphhopper.routing.ch.CHTurnCostTest" time="0.031"/>
  <testcase name="testFindPath_heuristic_compareWithDijkstra[8]" classname="com.graphhopper.routing.ch.CHTurnCostTest" time="0.032"/>
  <testcase name="testFindPath_heuristic_compareWithDijkstra[9]" classname="com.graphhopper.routing.ch.CHTurnCostTest" time="0.047"/>
  <testcase name="testFindPath_heuristic_compareWithDijkstra[10]" classname="com.graphhopper.routing.ch.CHTurnCostTest" time="0.032"/>
  <testcase name="testFindPath_randomContractionOrder_complicatedGraphAndPath[1]" classname="com.graphhopper.routing.ch.CHTurnCostTest" time="0.018"/>
  <testcase name="testFindPath_randomContractionOrder_complicatedGraphAndPath[2]" classname="com.graphhopper.routing.ch.CHTurnCostTest" time="0.007"/>
  <testcase name="testFindPath_randomContractionOrder_complicatedGraphAndPath[3]" classname="com.graphhopper.routing.ch.CHTurnCostTest" time="0.006"/>
  <testcase name="testFindPath_randomContractionOrder_complicatedGraphAndPath[4]" classname="com.graphhopper.routing.ch.CHTurnCostTest" time="0.007"/>
  <testcase name="testFindPath_randomContractionOrder_complicatedGraphAndPath[5]" classname="com.graphhopper.routing.ch.CHTurnCostTest" time="0.007"/>
  <testcase name="testFindPath_randomContractionOrder_complicatedGraphAndPath[6]" classname="com.graphhopper.routing.ch.CHTurnCostTest" time="0"/>
  <testcase name="testFindPath_randomContractionOrder_complicatedGraphAndPath[7]" classname="com.graphhopper.routing.ch.CHTurnCostTest" time="0.032"/>
  <testcase name="testFindPath_randomContractionOrder_complicatedGraphAndPath[8]" classname="com.graphhopper.routing.ch.CHTurnCostTest" time="0.015"/>
  <testcase name="testFindPath_randomContractionOrder_complicatedGraphAndPath[9]" classname="com.graphhopper.routing.ch.CHTurnCostTest" time="0"/>
  <testcase name="testFindPath_randomContractionOrder_complicatedGraphAndPath[10]" classname="com.graphhopper.routing.ch.CHTurnCostTest" time="0.016"/>
  <testcase name="testFindPath_highlyConnectedGraph_compareWithDijkstra[1]" classname="com.graphhopper.routing.ch.CHTurnCostTest" time="0.471"/>
  <testcase name="testFindPath_highlyConnectedGraph_compareWithDijkstra[2]" classname="com.graphhopper.routing.ch.CHTurnCostTest" time="0.469"/>
  <testcase name="testFindPath_highlyConnectedGraph_compareWithDijkstra[3]" classname="com.graphhopper.routing.ch.CHTurnCostTest" time="0.376"/>
  <testcase name="testFindPath_highlyConnectedGraph_compareWithDijkstra[4]" classname="com.graphhopper.routing.ch.CHTurnCostTest" time="0.393"/>
  <testcase name="testFindPath_highlyConnectedGraph_compareWithDijkstra[5]" classname="com.graphhopper.routing.ch.CHTurnCostTest" time="0.298"/>
  <testcase name="testFindPath_highlyConnectedGraph_compareWithDijkstra[6]" classname="com.graphhopper.routing.ch.CHTurnCostTest" time="0.267"/>
  <testcase name="testFindPath_highlyConnectedGraph_compareWithDijkstra[7]" classname="com.graphhopper.routing.ch.CHTurnCostTest" time="0.276"/>
  <testcase name="testFindPath_highlyConnectedGraph_compareWithDijkstra[8]" classname="com.graphhopper.routing.ch.CHTurnCostTest" time="0.224"/>
  <testcase name="testFindPath_highlyConnectedGraph_compareWithDijkstra[9]" classname="com.graphhopper.routing.ch.CHTurnCostTest" time="0.235"/>
  <testcase name="testFindPath_highlyConnectedGraph_compareWithDijkstra[10]" classname="com.graphhopper.routing.ch.CHTurnCostTest" time="0.252"/>
  <testcase name="test_astar_issue2061{String}[1]" classname="com.graphhopper.routing.ch.CHTurnCostTest" time="0"/>
  <testcase name="test_astar_issue2061{String}[2]" classname="com.graphhopper.routing.ch.CHTurnCostTest" time="0"/>
  <testcase name="testZeroUTurnCosts_atBarrier_issue2564" classname="com.graphhopper.routing.ch.CHTurnCostTest" time="0"/>
  <testcase name="testFindPath_random_compareWithDijkstra_finiteUTurnCost[1]" classname="com.graphhopper.routing.ch.CHTurnCostTest" time="0.031"/>
  <testcase name="testFindPath_random_compareWithDijkstra_finiteUTurnCost[2]" classname="com.graphhopper.routing.ch.CHTurnCostTest" time="0.047"/>
  <testcase name="testFindPath_random_compareWithDijkstra_finiteUTurnCost[3]" classname="com.graphhopper.routing.ch.CHTurnCostTest" time="0.031"/>
  <testcase name="testFindPath_random_compareWithDijkstra_finiteUTurnCost[4]" classname="com.graphhopper.routing.ch.CHTurnCostTest" time="0.015"/>
  <testcase name="testFindPath_random_compareWithDijkstra_finiteUTurnCost[5]" classname="com.graphhopper.routing.ch.CHTurnCostTest" time="0.032"/>
  <testcase name="testFindPath_random_compareWithDijkstra_finiteUTurnCost[6]" classname="com.graphhopper.routing.ch.CHTurnCostTest" time="0.031"/>
  <testcase name="testFindPath_random_compareWithDijkstra_finiteUTurnCost[7]" classname="com.graphhopper.routing.ch.CHTurnCostTest" time="0.015"/>
  <testcase name="testFindPath_random_compareWithDijkstra_finiteUTurnCost[8]" classname="com.graphhopper.routing.ch.CHTurnCostTest" time="0.047"/>
  <testcase name="testFindPath_random_compareWithDijkstra_finiteUTurnCost[9]" classname="com.graphhopper.routing.ch.CHTurnCostTest" time="0.016"/>
  <testcase name="testFindPath_random_compareWithDijkstra_finiteUTurnCost[10]" classname="com.graphhopper.routing.ch.CHTurnCostTest" time="0.016"/>
  <testcase name="testFindPath_randomContractionOrder_singleLoop[1]" classname="com.graphhopper.routing.ch.CHTurnCostTest" time="0"/>
  <testcase name="testFindPath_randomContractionOrder_singleLoop[2]" classname="com.graphhopper.routing.ch.CHTurnCostTest" time="0"/>
  <testcase name="testFindPath_randomContractionOrder_singleLoop[3]" classname="com.graphhopper.routing.ch.CHTurnCostTest" time="0"/>
  <testcase name="testFindPath_randomContractionOrder_singleLoop[4]" classname="com.graphhopper.routing.ch.CHTurnCostTest" time="0"/>
  <testcase name="testFindPath_randomContractionOrder_singleLoop[5]" classname="com.graphhopper.routing.ch.CHTurnCostTest" time="0.016"/>
  <testcase name="testFindPath_randomContractionOrder_singleLoop[6]" classname="com.graphhopper.routing.ch.CHTurnCostTest" time="0.001"/>
  <testcase name="testFindPath_randomContractionOrder_singleLoop[7]" classname="com.graphhopper.routing.ch.CHTurnCostTest" time="0"/>
  <testcase name="testFindPath_randomContractionOrder_singleLoop[8]" classname="com.graphhopper.routing.ch.CHTurnCostTest" time="0.016"/>
  <testcase name="testFindPath_randomContractionOrder_singleLoop[9]" classname="com.graphhopper.routing.ch.CHTurnCostTest" time="0.005"/>
  <testcase name="testFindPath_randomContractionOrder_singleLoop[10]" classname="com.graphhopper.routing.ch.CHTurnCostTest" time="0.005"/>
  <testcase name="test_issue1593_full{String}[1]" classname="com.graphhopper.routing.ch.CHTurnCostTest" time="0.01"/>
  <testcase name="test_issue1593_full{String}[2]" classname="com.graphhopper.routing.ch.CHTurnCostTest" time="0.007"/>
  <testcase name="testFindPath_randomContractionOrder_singleLoopWithNoise[1]" classname="com.graphhopper.routing.ch.CHTurnCostTest" time="0"/>
  <testcase name="testFindPath_randomContractionOrder_singleLoopWithNoise[2]" classname="com.graphhopper.routing.ch.CHTurnCostTest" time="0.015"/>
  <testcase name="testFindPath_randomContractionOrder_singleLoopWithNoise[3]" classname="com.graphhopper.routing.ch.CHTurnCostTest" time="0"/>
  <testcase name="testFindPath_randomContractionOrder_singleLoopWithNoise[4]" classname="com.graphhopper.routing.ch.CHTurnCostTest" time="0"/>
  <testcase name="testFindPath_randomContractionOrder_singleLoopWithNoise[5]" classname="com.graphhopper.routing.ch.CHTurnCostTest" time="0.016"/>
  <testcase name="testFindPath_randomContractionOrder_singleLoopWithNoise[6]" classname="com.graphhopper.routing.ch.CHTurnCostTest" time="0"/>
  <testcase name="testFindPath_randomContractionOrder_singleLoopWithNoise[7]" classname="com.graphhopper.routing.ch.CHTurnCostTest" time="0"/>
  <testcase name="testFindPath_randomContractionOrder_singleLoopWithNoise[8]" classname="com.graphhopper.routing.ch.CHTurnCostTest" time="0.016"/>
  <testcase name="testFindPath_randomContractionOrder_singleLoopWithNoise[9]" classname="com.graphhopper.routing.ch.CHTurnCostTest" time="0"/>
  <testcase name="testFindPath_randomContractionOrder_singleLoopWithNoise[10]" classname="com.graphhopper.routing.ch.CHTurnCostTest" time="0.015"/>
  <testcase name="testFindPath_randomContractionOrder_duplicate_edges" classname="com.graphhopper.routing.ch.CHTurnCostTest" time="0"/>
  <testcase name="test_issue_1593_simple{String}[1]" classname="com.graphhopper.routing.ch.CHTurnCostTest" time="0"/>
  <testcase name="test_issue_1593_simple{String}[2]" classname="com.graphhopper.routing.ch.CHTurnCostTest" time="0"/>
  <testcase name="testEdgeKeyBug" classname="com.graphhopper.routing.ch.CHTurnCostTest" time="0.016"/>
  <testcase name="testFindPath_multipleInOutEdges_turnReplacementDifference[1]" classname="com.graphhopper.routing.ch.CHTurnCostTest" time="0"/>
  <testcase name="testFindPath_multipleInOutEdges_turnReplacementDifference[2]" classname="com.graphhopper.routing.ch.CHTurnCostTest" time="0"/>
  <testcase name="testFindPath_multipleInOutEdges_turnReplacementDifference[3]" classname="com.graphhopper.routing.ch.CHTurnCostTest" time="0"/>
  <testcase name="testFindPath_multipleInOutEdges_turnReplacementDifference[4]" classname="com.graphhopper.routing.ch.CHTurnCostTest" time="0"/>
  <testcase name="testFindPath_multipleInOutEdges_turnReplacementDifference[5]" classname="com.graphhopper.routing.ch.CHTurnCostTest" time="0"/>
  <testcase name="testFindPath_multipleInOutEdges_turnReplacementDifference[6]" classname="com.graphhopper.routing.ch.CHTurnCostTest" time="0"/>
  <testcase name="testFindPath_multipleInOutEdges_turnReplacementDifference[7]" classname="com.graphhopper.routing.ch.CHTurnCostTest" time="0"/>
  <testcase name="testFindPath_multipleInOutEdges_turnReplacementDifference[8]" classname="com.graphhopper.routing.ch.CHTurnCostTest" time="0"/>
  <testcase name="testFindPath_multipleInOutEdges_turnReplacementDifference[9]" classname="com.graphhopper.routing.ch.CHTurnCostTest" time="0.015"/>
  <testcase name="testFindPath_multipleInOutEdges_turnReplacementDifference[10]" classname="com.graphhopper.routing.ch.CHTurnCostTest" time="0"/>
  <testcase name="testFindPath_multipleInOutEdges_turnReplacementDifference[11]" classname="com.graphhopper.routing.ch.CHTurnCostTest" time="0"/>
  <testcase name="testFindPath_multipleInOutEdges_turnReplacementDifference[12]" classname="com.graphhopper.routing.ch.CHTurnCostTest" time="0"/>
  <testcase name="testFindPath_multipleInOutEdges_turnReplacementDifference[13]" classname="com.graphhopper.routing.ch.CHTurnCostTest" time="0"/>
  <testcase name="testFindPath_multipleInOutEdges_turnReplacementDifference[14]" classname="com.graphhopper.routing.ch.CHTurnCostTest" time="0.016"/>
  <testcase name="testFindPath_multipleInOutEdges_turnReplacementDifference[15]" classname="com.graphhopper.routing.ch.CHTurnCostTest" time="0"/>
  <testcase name="testFindPath_multipleInOutEdges_turnReplacementDifference[16]" classname="com.graphhopper.routing.ch.CHTurnCostTest" time="0"/>
  <testcase name="testFindPath_multipleInOutEdges_turnReplacementDifference[17]" classname="com.graphhopper.routing.ch.CHTurnCostTest" time="0.015"/>
  <testcase name="testFindPath_multipleInOutEdges_turnReplacementDifference[18]" classname="com.graphhopper.routing.ch.CHTurnCostTest" time="0"/>
  <testcase name="testFindPath_multipleInOutEdges_turnReplacementDifference[19]" classname="com.graphhopper.routing.ch.CHTurnCostTest" time="0.016"/>
  <testcase name="testFindPath_multipleInOutEdges_turnReplacementDifference[20]" classname="com.graphhopper.routing.ch.CHTurnCostTest" time="0"/>
  <testcase name="testFindPath_multipleInOutEdges_turnReplacementDifference[21]" classname="com.graphhopper.routing.ch.CHTurnCostTest" time="0"/>
  <testcase name="testFindPath_multipleInOutEdges_turnReplacementDifference[22]" classname="com.graphhopper.routing.ch.CHTurnCostTest" time="0.016"/>
  <testcase name="testFindPath_multipleInOutEdges_turnReplacementDifference[23]" classname="com.graphhopper.routing.ch.CHTurnCostTest" time="0"/>
  <testcase name="testFindPath_multipleInOutEdges_turnReplacementDifference[24]" classname="com.graphhopper.routing.ch.CHTurnCostTest" time="0"/>
  <testcase name="testFindPath_multipleInOutEdges_turnReplacementDifference[25]" classname="com.graphhopper.routing.ch.CHTurnCostTest" time="0.015"/>
  <testcase name="testFindPath_multipleInOutEdges_turnReplacementDifference[26]" classname="com.graphhopper.routing.ch.CHTurnCostTest" time="0"/>
  <testcase name="testFindPath_multipleInOutEdges_turnReplacementDifference[27]" classname="com.graphhopper.routing.ch.CHTurnCostTest" time="0"/>
  <testcase name="testFindPath_multipleInOutEdges_turnReplacementDifference[28]" classname="com.graphhopper.routing.ch.CHTurnCostTest" time="0"/>
  <testcase name="testFindPath_multipleInOutEdges_turnReplacementDifference[29]" classname="com.graphhopper.routing.ch.CHTurnCostTest" time="0.016"/>
  <testcase name="testFindPath_multipleInOutEdges_turnReplacementDifference[30]" classname="com.graphhopper.routing.ch.CHTurnCostTest" time="0"/>
  <testcase name="testFindPath_multipleInOutEdges_turnReplacementDifference[31]" classname="com.graphhopper.routing.ch.CHTurnCostTest" time="0"/>
  <testcase name="testFindPath_multipleInOutEdges_turnReplacementDifference[32]" classname="com.graphhopper.routing.ch.CHTurnCostTest" time="0"/>
  <testcase name="testFindPath_multipleInOutEdges_turnReplacementDifference[33]" classname="com.graphhopper.routing.ch.CHTurnCostTest" time="0"/>
  <testcase name="testFindPath_multipleInOutEdges_turnReplacementDifference[34]" classname="com.graphhopper.routing.ch.CHTurnCostTest" time="0"/>
  <testcase name="testFindPath_multipleInOutEdges_turnReplacementDifference[35]" classname="com.graphhopper.routing.ch.CHTurnCostTest" time="0.016"/>
  <testcase name="testFindPath_multipleInOutEdges_turnReplacementDifference[36]" classname="com.graphhopper.routing.ch.CHTurnCostTest" time="0"/>
  <testcase name="testFindPath_multipleInOutEdges_turnReplacementDifference[37]" classname="com.graphhopper.routing.ch.CHTurnCostTest" time="0"/>
  <testcase name="testFindPath_multipleInOutEdges_turnReplacementDifference[38]" classname="com.graphhopper.routing.ch.CHTurnCostTest" time="0"/>
  <testcase name="testFindPath_multipleInOutEdges_turnReplacementDifference[39]" classname="com.graphhopper.routing.ch.CHTurnCostTest" time="0"/>
  <testcase name="testFindPath_multipleInOutEdges_turnReplacementDifference[40]" classname="com.graphhopper.routing.ch.CHTurnCostTest" time="0"/>
  <testcase name="testFindPath_multipleInOutEdges_turnReplacementDifference[41]" classname="com.graphhopper.routing.ch.CHTurnCostTest" time="0"/>
  <testcase name="testFindPath_multipleInOutEdges_turnReplacementDifference[42]" classname="com.graphhopper.routing.ch.CHTurnCostTest" time="0"/>
  <testcase name="testFindPath_multipleInOutEdges_turnReplacementDifference[43]" classname="com.graphhopper.routing.ch.CHTurnCostTest" time="0"/>
  <testcase name="testFindPath_multipleInOutEdges_turnReplacementDifference[44]" classname="com.graphhopper.routing.ch.CHTurnCostTest" time="0"/>
  <testcase name="testFindPath_multipleInOutEdges_turnReplacementDifference[45]" classname="com.graphhopper.routing.ch.CHTurnCostTest" time="0"/>
  <testcase name="testFindPath_multipleInOutEdges_turnReplacementDifference[46]" classname="com.graphhopper.routing.ch.CHTurnCostTest" time="0"/>
  <testcase name="testFindPath_multipleInOutEdges_turnReplacementDifference[47]" classname="com.graphhopper.routing.ch.CHTurnCostTest" time="0.016"/>
  <testcase name="testFindPath_multipleInOutEdges_turnReplacementDifference[48]" classname="com.graphhopper.routing.ch.CHTurnCostTest" time="0"/>
  <testcase name="testFindPath_multipleInOutEdges_turnReplacementDifference[49]" classname="com.graphhopper.routing.ch.CHTurnCostTest" time="0"/>
  <testcase name="testFindPath_multipleInOutEdges_turnReplacementDifference[50]" classname="com.graphhopper.routing.ch.CHTurnCostTest" time="0"/>
  <testcase name="testFindPath_multipleInOutEdges_turnReplacementDifference[51]" classname="com.graphhopper.routing.ch.CHTurnCostTest" time="0"/>
  <testcase name="testFindPath_multipleInOutEdges_turnReplacementDifference[52]" classname="com.graphhopper.routing.ch.CHTurnCostTest" time="0"/>
  <testcase name="testFindPath_multipleInOutEdges_turnReplacementDifference[53]" classname="com.graphhopper.routing.ch.CHTurnCostTest" time="0"/>
  <testcase name="testFindPath_multipleInOutEdges_turnReplacementDifference[54]" classname="com.graphhopper.routing.ch.CHTurnCostTest" time="0.015"/>
  <testcase name="testFindPath_multipleInOutEdges_turnReplacementDifference[55]" classname="com.graphhopper.routing.ch.CHTurnCostTest" time="0"/>
  <testcase name="testFindPath_multipleInOutEdges_turnReplacementDifference[56]" classname="com.graphhopper.routing.ch.CHTurnCostTest" time="0"/>
  <testcase name="testFindPath_multipleInOutEdges_turnReplacementDifference[57]" classname="com.graphhopper.routing.ch.CHTurnCostTest" time="0.016"/>
  <testcase name="testFindPath_multipleInOutEdges_turnReplacementDifference[58]" classname="com.graphhopper.routing.ch.CHTurnCostTest" time="0"/>
  <testcase name="testFindPath_multipleInOutEdges_turnReplacementDifference[59]" classname="com.graphhopper.routing.ch.CHTurnCostTest" time="0"/>
  <testcase name="testFindPath_multipleInOutEdges_turnReplacementDifference[60]" classname="com.graphhopper.routing.ch.CHTurnCostTest" time="0.016"/>
  <testcase name="testFindPath_multipleInOutEdges_turnReplacementDifference[61]" classname="com.graphhopper.routing.ch.CHTurnCostTest" time="0"/>
  <testcase name="testFindPath_multipleInOutEdges_turnReplacementDifference[62]" classname="com.graphhopper.routing.ch.CHTurnCostTest" time="0"/>
  <testcase name="testFindPath_multipleInOutEdges_turnReplacementDifference[63]" classname="com.graphhopper.routing.ch.CHTurnCostTest" time="0.015"/>
  <testcase name="testFindPath_multipleInOutEdges_turnReplacementDifference[64]" classname="com.graphhopper.routing.ch.CHTurnCostTest" time="0"/>
  <testcase name="testFindPath_multipleInOutEdges_turnReplacementDifference[65]" classname="com.graphhopper.routing.ch.CHTurnCostTest" time="0"/>
  <testcase name="testFindPath_multipleInOutEdges_turnReplacementDifference[66]" classname="com.graphhopper.routing.ch.CHTurnCostTest" time="0"/>
  <testcase name="testFindPath_multipleInOutEdges_turnReplacementDifference[67]" classname="com.graphhopper.routing.ch.CHTurnCostTest" time="0.016"/>
  <testcase name="testFindPath_multipleInOutEdges_turnReplacementDifference[68]" classname="com.graphhopper.routing.ch.CHTurnCostTest" time="0"/>
  <testcase name="testFindPath_multipleInOutEdges_turnReplacementDifference[69]" classname="com.graphhopper.routing.ch.CHTurnCostTest" time="0"/>
  <testcase name="testFindPath_multipleInOutEdges_turnReplacementDifference[70]" classname="com.graphhopper.routing.ch.CHTurnCostTest" time="0.016"/>
  <testcase name="testFindPath_multipleInOutEdges_turnReplacementDifference[71]" classname="com.graphhopper.routing.ch.CHTurnCostTest" time="0"/>
  <testcase name="testFindPath_multipleInOutEdges_turnReplacementDifference[72]" classname="com.graphhopper.routing.ch.CHTurnCostTest" time="0"/>
  <testcase name="testFindPath_multipleInOutEdges_turnReplacementDifference[73]" classname="com.graphhopper.routing.ch.CHTurnCostTest" time="0"/>
  <testcase name="testFindPath_multipleInOutEdges_turnReplacementDifference[74]" classname="com.graphhopper.routing.ch.CHTurnCostTest" time="0"/>
  <testcase name="testFindPath_multipleInOutEdges_turnReplacementDifference[75]" classname="com.graphhopper.routing.ch.CHTurnCostTest" time="0.015"/>
  <testcase name="testFindPath_multipleInOutEdges_turnReplacementDifference[76]" classname="com.graphhopper.routing.ch.CHTurnCostTest" time="0"/>
  <testcase name="testFindPath_multipleInOutEdges_turnReplacementDifference[77]" classname="com.graphhopper.routing.ch.CHTurnCostTest" time="0"/>
  <testcase name="testFindPath_multipleInOutEdges_turnReplacementDifference[78]" classname="com.graphhopper.routing.ch.CHTurnCostTest" time="0.016"/>
  <testcase name="testFindPath_multipleInOutEdges_turnReplacementDifference[79]" classname="com.graphhopper.routing.ch.CHTurnCostTest" time="0"/>
  <testcase name="testFindPath_multipleInOutEdges_turnReplacementDifference[80]" classname="com.graphhopper.routing.ch.CHTurnCostTest" time="0"/>
  <testcase name="testFindPath_multipleInOutEdges_turnReplacementDifference[81]" classname="com.graphhopper.routing.ch.CHTurnCostTest" time="0"/>
  <testcase name="testFindPath_multipleInOutEdges_turnReplacementDifference[82]" classname="com.graphhopper.routing.ch.CHTurnCostTest" time="0"/>
  <testcase name="testFindPath_multipleInOutEdges_turnReplacementDifference[83]" classname="com.graphhopper.routing.ch.CHTurnCostTest" time="0"/>
  <testcase name="testFindPath_multipleInOutEdges_turnReplacementDifference[84]" classname="com.graphhopper.routing.ch.CHTurnCostTest" time="0.015"/>
  <testcase name="testFindPath_multipleInOutEdges_turnReplacementDifference[85]" classname="com.graphhopper.routing.ch.CHTurnCostTest" time="0"/>
  <testcase name="testFindPath_multipleInOutEdges_turnReplacementDifference[86]" classname="com.graphhopper.routing.ch.CHTurnCostTest" time="0"/>
  <testcase name="testFindPath_multipleInOutEdges_turnReplacementDifference[87]" classname="com.graphhopper.routing.ch.CHTurnCostTest" time="0"/>
  <testcase name="testFindPath_multipleInOutEdges_turnReplacementDifference[88]" classname="com.graphhopper.routing.ch.CHTurnCostTest" time="0"/>
  <testcase name="testFindPath_multipleInOutEdges_turnReplacementDifference[89]" classname="com.graphhopper.routing.ch.CHTurnCostTest" time="0.016"/>
  <testcase name="testFindPath_multipleInOutEdges_turnReplacementDifference[90]" classname="com.graphhopper.routing.ch.CHTurnCostTest" time="0"/>
  <testcase name="testFindPath_multipleInOutEdges_turnReplacementDifference[91]" classname="com.graphhopper.routing.ch.CHTurnCostTest" time="0"/>
  <testcase name="testFindPath_multipleInOutEdges_turnReplacementDifference[92]" classname="com.graphhopper.routing.ch.CHTurnCostTest" time="0"/>
  <testcase name="testFindPath_multipleInOutEdges_turnReplacementDifference[93]" classname="com.graphhopper.routing.ch.CHTurnCostTest" time="0"/>
  <testcase name="testFindPath_multipleInOutEdges_turnReplacementDifference[94]" classname="com.graphhopper.routing.ch.CHTurnCostTest" time="0"/>
  <testcase name="testFindPath_multipleInOutEdges_turnReplacementDifference[95]" classname="com.graphhopper.routing.ch.CHTurnCostTest" time="0.016"/>
  <testcase name="testFindPath_multipleInOutEdges_turnReplacementDifference[96]" classname="com.graphhopper.routing.ch.CHTurnCostTest" time="0"/>
  <testcase name="testFindPath_multipleInOutEdges_turnReplacementDifference[97]" classname="com.graphhopper.routing.ch.CHTurnCostTest" time="0"/>
  <testcase name="testFindPath_multipleInOutEdges_turnReplacementDifference[98]" classname="com.graphhopper.routing.ch.CHTurnCostTest" time="0.015"/>
  <testcase name="testFindPath_multipleInOutEdges_turnReplacementDifference[99]" classname="com.graphhopper.routing.ch.CHTurnCostTest" time="0"/>
  <testcase name="testFindPath_multipleInOutEdges_turnReplacementDifference[100]" classname="com.graphhopper.routing.ch.CHTurnCostTest" time="0.016"/>
  <testcase name="testFindPath_bug2" classname="com.graphhopper.routing.ch.CHTurnCostTest" time="0.111"/>
  <testcase name="testFindPath_loop" classname="com.graphhopper.routing.ch.CHTurnCostTest" time="0"/>
  <testcase name="testFindPath_pTurn_uTurnAtContractedNode_twoShortcutsInAndOut" classname="com.graphhopper.routing.ch.CHTurnCostTest" time="0"/>
</testsuite>