<?xml version="1.0" encoding="UTF-8"?>
<testsuite xmlns:xsi="http://www.w3.org/2001/XMLSchema-instance" xsi:noNamespaceSchemaLocation="https://maven.apache.org/surefire/maven-surefire-plugin/xsd/surefire-test-report.xsd" name="com.graphhopper.routing.DirectedRoutingTest" time="5.88" tests="161" errors="0" skipped="1" failures="0">
  <properties>
[...]
</properties>
  <testcase name="randomGraph_withQueryGraph{Fixture}[1]" classname="com.graphhopper.routing.DirectedRoutingTest" time="0.05"/>
  <testcase name="randomGraph_withQueryGraph{Fixture}[2]" classname="com.graphhopper.routing.DirectedRoutingTest" time="0.049"/>
  <testcase name="randomGraph_withQueryGraph{Fixture}[3]" classname="com.graphhopper.routing.DirectedRoutingTest" time="0.066"/>
  <testcase name="randomGraph_withQueryGraph{Fixture}[4]" classname="com.graphhopper.routing.DirectedRoutingTest" time="0.046"/>
  <testcase name="randomGraph_withQueryGraph{Fixture}[5]" classname="com.graphhopper.routing.DirectedRoutingTest" time="0.048"/>
  <testcase name="randomGraph_withQueryGraph{Fixture}[6]" classname="com.graphhopper.routing.DirectedRoutingTest" time="0.025"/>
  <testcase name="randomGraph_withQueryGraph{Fixture}[7]" classname="com.graphhopper.routing.DirectedRoutingTest" time="0.051"/>
  <testcase name="randomGraph_withQueryGraph{Fixture}[8]" classname="com.graphhopper.routing.DirectedRoutingTest" time="0.047"/>
  <testcase name="randomGraph_withQueryGraph{Fixture}[9]" classname="com.graphhopper.routing.DirectedRoutingTest" time="0.032"/>
  <testcase name="randomGraph_withQueryGraph{Fixture}[10]" classname="com.graphhopper.routing.DirectedRoutingTest" time="0.031"/>
  <testcase name="randomGraph_withQueryGraph{Fixture}[11]" classname="com.graphhopper.routing.DirectedRoutingTest" time="0.016"/>
  <testcase name="randomGraph_withQueryGraph{Fixture}[12]" classname="com.graphhopper.routing.DirectedRoutingTest" time="0.048"/>
  <testcase name="randomGraph_withQueryGraph{Fixture}[13]" classname="com.graphhopper.routing.DirectedRoutingTest" time="0.015"/>
  <testcase name="randomGraph_withQueryGraph{Fixture}[14]" classname="com.graphhopper.routing.DirectedRoutingTest" time="0.015"/>
  <testcase name="randomGraph_withQueryGraph{Fixture}[15]" classname="com.graphhopper.routing.DirectedRoutingTest" time="0.035"/>
  <testcase name="randomGraph_withQueryGraph{Fixture}[16]" classname="com.graphhopper.routing.DirectedRoutingTest" time="0.05"/>
  <testcase name="randomGraph_withQueryGraph{Fixture}[17]" classname="com.graphhopper.routing.DirectedRoutingTest" time="0.017"/>
  <testcase name="randomGraph_withQueryGraph{Fixture}[18]" classname="com.graphhopper.routing.DirectedRoutingTest" time="0.017"/>
  <testcase name="randomGraph_withQueryGraph{Fixture}[19]" classname="com.graphhopper.routing.DirectedRoutingTest" time="0.033"/>
  <testcase name="randomGraph_withQueryGraph{Fixture}[20]" classname="com.graphhopper.routing.DirectedRoutingTest" time="0.041"/>
  <testcase name="randomGraph_withQueryGraph{Fixture}[21]" classname="com.graphhopper.routing.DirectedRoutingTest" time="0.021"/>
  <testcase name="randomGraph_withQueryGraph{Fixture}[22]" classname="com.graphhopper.routing.DirectedRoutingTest" time="0.02"/>
  <testcase name="randomGraph_withQueryGraph{Fixture}[23]" classname="com.graphhopper.routing.DirectedRoutingTest" time="0.05"/>
  <testcase name="randomGraph_withQueryGraph{Fixture}[24]" classname="com.graphhopper.routing.DirectedRoutingTest" time="0.051"/>
  <testcase name="randomGraph_withQueryGraph{Fixture}[25]" classname="com.graphhopper.routing.DirectedRoutingTest" time="0.035"/>
  <testcase name="randomGraph_withQueryGraph{Fixture}[26]" classname="com.graphhopper.routing.DirectedRoutingTest" time="0.015"/>
  <testcase name="randomGraph_withQueryGraph{Fixture}[27]" classname="com.graphhopper.routing.DirectedRoutingTest" time="0.034"/>
  <testcase name="randomGraph_withQueryGraph{Fixture}[28]" classname="com.graphhopper.routing.DirectedRoutingTest" time="0.05"/>
  <testcase name="randomGraph_withQueryGraph{Fixture}[29]" classname="com.graphhopper.routing.DirectedRoutingTest" time="0.033"/>
  <testcase name="randomGraph_withQueryGraph{Fixture}[30]" classname="com.graphhopper.routing.DirectedRoutingTest" time="0.017"/>
  <testcase name="randomGraph_withQueryGraph{Fixture}[31]" classname="com.graphhopper.routing.DirectedRoutingTest" time="0.05"/>
  <testcase name="randomGraph_withQueryGraph{Fixture}[32]" classname="com.graphhopper.routing.DirectedRoutingTest" time="0.05"/>
  <testcase name="randomGraph_withQueryGraph{Fixture}[33]" classname="com.graphhopper.routing.DirectedRoutingTest" time="0.024"/>
  <testcase name="randomGraph_withQueryGraph{Fixture}[34]" classname="com.graphhopper.routing.DirectedRoutingTest" time="0.014"/>
  <testcase name="randomGraph_withQueryGraph{Fixture}[35]" classname="com.graphhopper.routing.DirectedRoutingTest" time="0.024"/>
  <testcase name="randomGraph_withQueryGraph{Fixture}[36]" classname="com.graphhopper.routing.DirectedRoutingTest" time="0.016"/>
  <testcase name="randomGraph_withQueryGraph{Fixture}[37]" classname="com.graphhopper.routing.DirectedRoutingTest" time="0"/>
  <testcase name="randomGraph_withQueryGraph{Fixture}[38]" classname="com.graphhopper.routing.DirectedRoutingTest" time="0.032"/>
  <testcase name="randomGraph_withQueryGraph{Fixture}[39]" classname="com.graphhopper.routing.DirectedRoutingTest" time="0.046"/>
  <testcase name="randomGraph_withQueryGraph{Fixture}[40]" classname="com.graphhopper.routing.DirectedRoutingTest" time="0.047"/>
  <testcase name="randomGraph_withQueryGraph{Fixture}[41]" classname="com.graphhopper.routing.DirectedRoutingTest" time="0.016"/>
  <testcase name="randomGraph_withQueryGraph{Fixture}[42]" classname="com.graphhopper.routing.DirectedRoutingTest" time="0.046"/>
  <testcase name="randomGraph_withQueryGraph{Fixture}[43]" classname="com.graphhopper.routing.DirectedRoutingTest" time="0.063"/>
  <testcase name="randomGraph_withQueryGraph{Fixture}[44]" classname="com.graphhopper.routing.DirectedRoutingTest" time="0.031"/>
  <testcase name="randomGraph_withQueryGraph{Fixture}[45]" classname="com.graphhopper.routing.DirectedRoutingTest" time="0.016"/>
  <testcase name="randomGraph_withQueryGraph{Fixture}[46]" classname="com.graphhopper.routing.DirectedRoutingTest" time="0.015"/>
  <testcase name="randomGraph_withQueryGraph{Fixture}[47]" classname="com.graphhopper.routing.DirectedRoutingTest" time="0.047"/>
  <testcase name="randomGraph_withQueryGraph{Fixture}[48]" classname="com.graphhopper.routing.DirectedRoutingTest" time="0.032"/>
  <testcase name="randomGraph_withQueryGraph{Fixture}[49]" classname="com.graphhopper.routing.DirectedRoutingTest" time="0.028"/>
  <testcase name="randomGraph_withQueryGraph{Fixture}[50]" classname="com.graphhopper.routing.DirectedRoutingTest" time="0.019"/>
  <testcase name="randomGraph_withQueryGraph{Fixture}[51]" classname="com.graphhopper.routing.DirectedRoutingTest" time="0.047"/>
  <testcase name="randomGraph_withQueryGraph{Fixture}[52]" classname="com.graphhopper.routing.DirectedRoutingTest" time="0.047"/>
  <testcase name="randomGraph_withQueryGraph{Fixture}[53]" classname="com.graphhopper.routing.DirectedRoutingTest" time="0.031"/>
  <testcase name="randomGraph_withQueryGraph{Fixture}[54]" classname="com.graphhopper.routing.DirectedRoutingTest" time="0.016"/>
  <testcase name="randomGraph_withQueryGraph{Fixture}[55]" classname="com.graphhopper.routing.DirectedRoutingTest" time="0.031"/>
  <testcase name="randomGraph_withQueryGraph{Fixture}[56]" classname="com.graphhopper.routing.DirectedRoutingTest" time="0.047"/>
  <testcase name="randomGraph_withQueryGraph{Fixture}[57]" classname="com.graphhopper.routing.DirectedRoutingTest" time="0.016"/>
  <testcase name="randomGraph_withQueryGraph{Fixture}[58]" classname="com.graphhopper.routing.DirectedRoutingTest" time="0.016"/>
  <testcase name="randomGraph_withQueryGraph{Fixture}[59]" classname="com.graphhopper.routing.DirectedRoutingTest" time="0.031"/>
  <testcase name="randomGraph_withQueryGraph{Fixture}[60]" classname="com.graphhopper.routing.DirectedRoutingTest" time="0.031"/>
  <testcase name="randomGraph_withQueryGraph{Fixture}[61]" classname="com.graphhopper.routing.DirectedRoutingTest" time="0.016"/>
  <testcase name="randomGraph_withQueryGraph{Fixture}[62]" classname="com.graphhopper.routing.DirectedRoutingTest" time="0.015"/>
  <testcase name="randomGraph_withQueryGraph{Fixture}[63]" classname="com.graphhopper.routing.DirectedRoutingTest" time="0.063"/>
  <testcase name="randomGraph_withQueryGraph{Fixture}[64]" classname="com.graphhopper.routing.DirectedRoutingTest" time="0.047"/>
  <testcase name="randomGraph_withQueryGraph{Fixture}[65]" classname="com.graphhopper.routing.DirectedRoutingTest" time="0.029"/>
  <testcase name="randomGraph_withQueryGraph{Fixture}[66]" classname="com.graphhopper.routing.DirectedRoutingTest" time="0.019"/>
  <testcase name="randomGraph_withQueryGraph{Fixture}[67]" classname="com.graphhopper.routing.DirectedRoutingTest" time="0.047"/>
  <testcase name="randomGraph_withQueryGraph{Fixture}[68]" classname="com.graphhopper.routing.DirectedRoutingTest" time="0.047"/>
  <testcase name="randomGraph_withQueryGraph{Fixture}[69]" classname="com.graphhopper.routing.DirectedRoutingTest" time="0.031"/>
  <testcase name="randomGraph_withQueryGraph{Fixture}[70]" classname="com.graphhopper.routing.DirectedRoutingTest" time="0.016"/>
  <testcase name="randomGraph_withQueryGraph{Fixture}[71]" classname="com.graphhopper.routing.DirectedRoutingTest" time="0.031"/>
  <testcase name="randomGraph_withQueryGraph{Fixture}[72]" classname="com.graphhopper.routing.DirectedRoutingTest" time="0.047"/>
  <testcase name="randomGraph_withQueryGraph{Fixture}[73]" classname="com.graphhopper.routing.DirectedRoutingTest" time="0.031"/>
  <testcase name="randomGraph_withQueryGraph{Fixture}[74]" classname="com.graphhopper.routing.DirectedRoutingTest" time="0.016"/>
  <testcase name="randomGraph_withQueryGraph{Fixture}[75]" classname="com.graphhopper.routing.DirectedRoutingTest" time="0.047"/>
  <testcase name="randomGraph_withQueryGraph{Fixture}[76]" classname="com.graphhopper.routing.DirectedRoutingTest" time="0.031"/>
  <testcase name="randomGraph_withQueryGraph{Fixture}[77]" classname="com.graphhopper.routing.DirectedRoutingTest" time="0.015"/>
  <testcase name="randomGraph_withQueryGraph{Fixture}[78]" classname="com.graphhopper.routing.DirectedRoutingTest" time="0.016"/>
  <testcase name="randomGraph_withQueryGraph{Fixture}[79]" classname="com.graphhopper.routing.DirectedRoutingTest" time="0.047"/>
  <testcase name="randomGraph_withQueryGraph{Fixture}[80]" classname="com.graphhopper.routing.DirectedRoutingTest" time="0.016"/>
  <testcase name="randomGraph{Fixture}[1]" classname="com.graphhopper.routing.DirectedRoutingTest" time="0.016"/>
  <testcase name="randomGraph{Fixture}[2]" classname="com.graphhopper.routing.DirectedRoutingTest" time="0.016"/>
  <testcase name="randomGraph{Fixture}[3]" classname="com.graphhopper.routing.DirectedRoutingTest" time="0.049"/>
  <testcase name="randomGraph{Fixture}[4]" classname="com.graphhopper.routing.DirectedRoutingTest" time="0.063"/>
  <testcase name="randomGraph{Fixture}[5]" classname="com.graphhopper.routing.DirectedRoutingTest" time="0.015"/>
  <testcase name="randomGraph{Fixture}[6]" classname="com.graphhopper.routing.DirectedRoutingTest" time="0.031"/>
  <testcase name="randomGraph{Fixture}[7]" classname="com.graphhopper.routing.DirectedRoutingTest" time="0.063"/>
  <testcase name="randomGraph{Fixture}[8]" classname="com.graphhopper.routing.DirectedRoutingTest" time="0.062"/>
  <testcase name="randomGraph{Fixture}[9]" classname="com.graphhopper.routing.DirectedRoutingTest" time="0.016"/>
  <testcase name="randomGraph{Fixture}[10]" classname="com.graphhopper.routing.DirectedRoutingTest" time="0.016"/>
  <testcase name="randomGraph{Fixture}[11]" classname="com.graphhopper.routing.DirectedRoutingTest" time="0.031"/>
  <testcase name="randomGraph{Fixture}[12]" classname="com.graphhopper.routing.DirectedRoutingTest" time="0.047"/>
  <testcase name="randomGraph{Fixture}[13]" classname="com.graphhopper.routing.DirectedRoutingTest" time="0.015"/>
  <testcase name="randomGraph{Fixture}[14]" classname="com.graphhopper.routing.DirectedRoutingTest" time="0.016"/>
  <testcase name="randomGraph{Fixture}[15]" classname="com.graphhopper.routing.DirectedRoutingTest" time="0.047"/>
  <testcase name="randomGraph{Fixture}[16]" classname="com.graphhopper.routing.DirectedRoutingTest" time="0.091"/>
  <testcase name="randomGraph{Fixture}[17]" classname="com.graphhopper.routing.DirectedRoutingTest" time="0.016"/>
  <testcase name="randomGraph{Fixture}[18]" classname="com.graphhopper.routing.DirectedRoutingTest" time="0"/>
  <testcase name="randomGraph{Fixture}[19]" classname="com.graphhopper.routing.DirectedRoutingTest" time="0.031"/>
  <testcase name="randomGraph{Fixture}[20]" classname="com.graphhopper.routing.DirectedRoutingTest" time="0.062"/>
  <testcase name="randomGraph{Fixture}[21]" classname="com.graphhopper.routing.DirectedRoutingTest" time="0.016"/>
  <testcase name="randomGraph{Fixture}[22]" classname="com.graphhopper.routing.DirectedRoutingTest" time="0.016"/>
  <testcase name="randomGraph{Fixture}[23]" classname="com.graphhopper.routing.DirectedRoutingTest" time="0.062"/>
  <testcase name="randomGraph{Fixture}[24]" classname="com.graphhopper.routing.DirectedRoutingTest" time="0.094"/>
  <testcase name="randomGraph{Fixture}[25]" classname="com.graphhopper.routing.DirectedRoutingTest" time="0.016"/>
  <testcase name="randomGraph{Fixture}[26]" classname="com.graphhopper.routing.DirectedRoutingTest" time="0"/>
  <testcase name="randomGraph{Fixture}[27]" classname="com.graphhopper.routing.DirectedRoutingTest" time="0.031"/>
  <testcase name="randomGraph{Fixture}[28]" classname="com.graphhopper.routing.DirectedRoutingTest" time="0.063"/>
  <testcase name="randomGraph{Fixture}[29]" classname="com.graphhopper.routing.DirectedRoutingTest" time="0.031"/>
  <testcase name="randomGraph{Fixture}[30]" classname="com.graphhopper.routing.DirectedRoutingTest" time="0"/>
  <testcase name="randomGraph{Fixture}[31]" classname="com.graphhopper.routing.DirectedRoutingTest" time="0.056"/>
  <testcase name="randomGraph{Fixture}[32]" classname="com.graphhopper.routing.DirectedRoutingTest" time="0.054"/>
  <testcase name="randomGraph{Fixture}[33]" classname="com.graphhopper.routing.DirectedRoutingTest" time="0.016"/>
  <testcase name="randomGraph{Fixture}[34]" classname="com.graphhopper.routing.DirectedRoutingTest" time="0.015"/>
  <testcase name="randomGraph{Fixture}[35]" classname="com.graphhopper.routing.DirectedRoutingTest" time="0.063"/>
  <testcase name="randomGraph{Fixture}[36]" classname="com.graphhopper.routing.DirectedRoutingTest" time="0.031"/>
  <testcase name="randomGraph{Fixture}[37]" classname="com.graphhopper.routing.DirectedRoutingTest" time="0.016"/>
  <testcase name="randomGraph{Fixture}[38]" classname="com.graphhopper.routing.DirectedRoutingTest" time="0.015"/>
  <testcase name="randomGraph{Fixture}[39]" classname="com.graphhopper.routing.DirectedRoutingTest" time="0.063"/>
  <testcase name="randomGraph{Fixture}[40]" classname="com.graphhopper.routing.DirectedRoutingTest" time="0.125"/>
  <testcase name="randomGraph{Fixture}[41]" classname="com.graphhopper.routing.DirectedRoutingTest" time="0.031"/>
  <testcase name="randomGraph{Fixture}[42]" classname="com.graphhopper.routing.DirectedRoutingTest" time="0.031"/>
  <testcase name="randomGraph{Fixture}[43]" classname="com.graphhopper.routing.DirectedRoutingTest" time="0.112"/>
  <testcase name="randomGraph{Fixture}[44]" classname="com.graphhopper.routing.DirectedRoutingTest" time="0.046"/>
  <testcase name="randomGraph{Fixture}[45]" classname="com.graphhopper.routing.DirectedRoutingTest" time="0.016"/>
  <testcase name="randomGraph{Fixture}[46]" classname="com.graphhopper.routing.DirectedRoutingTest" time="0.016"/>
  <testcase name="randomGraph{Fixture}[47]" classname="com.graphhopper.routing.DirectedRoutingTest" time="0.078"/>
  <testcase name="randomGraph{Fixture}[48]" classname="com.graphhopper.routing.DirectedRoutingTest" time="0.062"/>
  <testcase name="randomGraph{Fixture}[49]" classname="com.graphhopper.routing.DirectedRoutingTest" time="0.016"/>
  <testcase name="randomGraph{Fixture}[50]" classname="com.graphhopper.routing.DirectedRoutingTest" time="0.015"/>
  <testcase name="randomGraph{Fixture}[51]" classname="com.graphhopper.routing.DirectedRoutingTest" time="0.032"/>
  <testcase name="randomGraph{Fixture}[52]" classname="com.graphhopper.routing.DirectedRoutingTest" time="0.078"/>
  <testcase name="randomGraph{Fixture}[53]" classname="com.graphhopper.routing.DirectedRoutingTest" time="0.015"/>
  <testcase name="randomGraph{Fixture}[54]" classname="com.graphhopper.routing.DirectedRoutingTest" time="0.016"/>
  <testcase name="randomGraph{Fixture}[55]" classname="com.graphhopper.routing.DirectedRoutingTest" time="0.064"/>
  <testcase name="randomGraph{Fixture}[56]" classname="com.graphhopper.routing.DirectedRoutingTest" time="0.094"/>
  <testcase name="randomGraph{Fixture}[57]" classname="com.graphhopper.routing.DirectedRoutingTest" time="0.015"/>
  <testcase name="randomGraph{Fixture}[58]" classname="com.graphhopper.routing.DirectedRoutingTest" time="0"/>
  <testcase name="randomGraph{Fixture}[59]" classname="com.graphhopper.routing.DirectedRoutingTest" time="0.047"/>
  <testcase name="randomGraph{Fixture}[60]" classname="com.graphhopper.routing.DirectedRoutingTest" time="0.047"/>
  <testcase name="randomGraph{Fixture}[61]" classname="com.graphhopper.routing.DirectedRoutingTest" time="0.016"/>
  <testcase name="randomGraph{Fixture}[62]" classname="com.graphhopper.routing.DirectedRoutingTest" time="0"/>
  <testcase name="randomGraph{Fixture}[63]" classname="com.graphhopper.routing.DirectedRoutingTest" time="0.078"/>
  <testcase name="randomGraph{Fixture}[64]" classname="com.graphhopper.routing.DirectedRoutingTest" time="0.047"/>
  <testcase name="randomGraph{Fixture}[65]" classname="com.graphhopper.routing.DirectedRoutingTest" time="0.015"/>
  <testcase name="randomGraph{Fixture}[66]" classname="com.graphhopper.routing.DirectedRoutingTest" time="0.016"/>
  <testcase name="randomGraph{Fixture}[67]" classname="com.graphhopper.routing.DirectedRoutingTest" time="0.047"/>
  <testcase name="randomGraph{Fixture}[68]" classname="com.graphhopper.routing.DirectedRoutingTest" time="0.047"/>
  <testcase name="randomGraph{Fixture}[69]" classname="com.graphhopper.routing.DirectedRoutingTest" time="0.015"/>
  <testcase name="randomGraph{Fixture}[70]" classname="com.graphhopper.routing.DirectedRoutingTest" time="0"/>
  <testcase name="randomGraph{Fixture}[71]" classname="com.graphhopper.routing.DirectedRoutingTest" time="0.056"/>
  <testcase name="randomGraph{Fixture}[72]" classname="com.graphhopper.routing.DirectedRoutingTest" time="0.053"/>
  <testcase name="randomGraph{Fixture}[73]" classname="com.graphhopper.routing.DirectedRoutingTest" time="0"/>
  <testcase name="randomGraph{Fixture}[74]" classname="com.graphhopper.routing.DirectedRoutingTest" time="0.015"/>
  <testcase name="randomGraph{Fixture}[75]" classname="com.graphhopper.routing.DirectedRoutingTest" time="0.031"/>
  <testcase name="randomGraph{Fixture}[76]" classname="com.graphhopper.routing.DirectedRoutingTest" time="0.047"/>
  <testcase name="randomGraph{Fixture}[77]" classname="com.graphhopper.routing.DirectedRoutingTest" time="0"/>
  <testcase name="randomGraph{Fixture}[78]" classname="com.graphhopper.routing.DirectedRoutingTest" time="0.016"/>
  <testcase name="randomGraph{Fixture}[79]" classname="com.graphhopper.routing.DirectedRoutingTest" time="0.047"/>
  <testcase name="randomGraph{Fixture}[80]" classname="com.graphhopper.routing.DirectedRoutingTest" time="0.047"/>
  <testcase name="issue1971{Fixture}" classname="com.graphhopper.routing.DirectedRoutingTest" time="0">
    <skipped message="fix this #1971"/>
  </testcase>
</testsuite>