<?xml version="1.0" encoding="UTF-8"?>
<testsuite xmlns:xsi="http://www.w3.org/2001/XMLSchema-instance" xsi:noNamespaceSchemaLocation="https://maven.apache.org/surefire/maven-surefire-plugin/xsd/surefire-test-report.xsd" name="com.graphhopper.routing.util.parsers.ModeAccessParserTest" time="0.006" tests="10" errors="0" skipped="0" failures="0">
  <properties>
[...]
</properties>
  <testcase name="testMotorcycleYes" classname="com.graphhopper.routing.util.parsers.ModeAccessParserTest" time="0"/>
  <testcase name="testBusNo" classname="com.graphhopper.routing.util.parsers.ModeAccessParserTest" time="0"/>
  <testcase name="testBusNodeAccess" classname="com.graphhopper.routing.util.parsers.ModeAccessParserTest" time="0"/>
  <testcase name="testBarrier" classname="com.graphhopper.routing.util.parsers.ModeAccessParserTest" time="0"/>
  <testcase name="testPrivate" classname="com.graphhopper.routing.util.parsers.ModeAccessParserTest" time="0"/>
  <testcase name="temporalAccess" classname="com.graphhopper.routing.util.parsers.ModeAccessParserTest" time="0"/>
  <testcase name="testAccess" classname="com.graphhopper.routing.util.parsers.ModeAccessParserTest" time="0"/>
  <testcase name="testBusYes" classname="com.graphhopper.routing.util.parsers.ModeAccessParserTest" time="0.001"/>
  <testcase name="testOneway" classname="com.graphhopper.routing.util.parsers.ModeAccessParserTest" time="0.001"/>
  <testcase name="testPsvYes" classname="com.graphhopper.routing.util.parsers.ModeAccessParserTest" time="0"/>
</testsuite>